<!DOCTYPE html PUBLIC "-//W3C//DTD XHTML 1.1//EN" "http://www.w3.org/TR/xhtml11/DTD/xhtml11.dtd">
<html xmlns="http://www.w3.org/1999/xhtml"><head><title>TestNG Report</title><style type="text/css">table {margin-bottom:10px;border-collapse:collapse;empty-cells:show}th,td {border:1px solid #009;padding:.25em .5em}th {vertical-align:bottom}td {vertical-align:top}table a {font-weight:bold}.stripe td {background-color: #E6EBF9}.num {text-align:right}.passedodd td {background-color: #3F3}.passedeven td {background-color: #0A0}.skippedodd td {background-color: #DDD}.skippedeven td {background-color: #CCC}.failedodd td,.attn {background-color: #F33}.failedeven td,.stripe .attn {background-color: #D00}.stacktrace {white-space:pre;font-family:monospace}.totop {font-size:85%;text-align:center;border-bottom:2px solid #000}</style></head><body><table><tr><th>Test</th><th># Passed</th><th># Skipped</th><th># Failed</th><th>Time (ms)</th><th>Included Groups</th><th>Excluded Groups</th></tr><tr><th colspan="7">Surefire suite</th></tr><tr><td><a href="#t0">Surefire test</a></td><td class="num">0</td><td class="num attn">41</td><td class="num">0</td><td class="num">3,465</td><td></td><td></td></tr></table><table><thead><tr><th>Class</th><th>Method</th><th>Start</th><th>Time (ms)</th></tr></thead><tbody><tr><th colspan="4">Surefire suite</th></tr></tbody><tbody id="t0"><tr><th colspan="4">Surefire test &#8212; failed (configuration methods)</th></tr><tr class="failedeven"><td rowspan="1">com.okta.test.mock.tests.ImplicitLocalValidationIT</td><td><a href="#m0">start</a></td><td rowspan="1">1614634885308</td><td rowspan="1">0</td></tr><tr><th colspan="4">Surefire test &#8212; skipped (configuration methods)</th></tr><tr class="skippedeven"><td rowspan="3">com.okta.test.mock.tests.CustomLoginCodeFlowRemoteValidationIT</td><td><a href="#m1">start</a></td><td rowspan="1">1614634888709</td><td rowspan="1">0</td></tr><tr class="skippedeven"><td><a href="#m2">stop</a></td><td rowspan="1">1614634888709</td><td rowspan="1">0</td></tr><tr class="skippedeven"><td><a href="#m3">stopMockServer</a></td><td rowspan="1">1614634888709</td><td rowspan="1">0</td></tr><tr class="skippedodd"><td rowspan="2">com.okta.test.mock.tests.ImplicitLocalValidationIT</td><td><a href="#m4">stop</a></td><td rowspan="1">1614634888709</td><td rowspan="1">0</td></tr><tr class="skippedodd"><td><a href="#m5">stopMockServer</a></td><td rowspan="1">1614634888709</td><td rowspan="1">0</td></tr><tr><th colspan="4">Surefire test &#8212; skipped</th></tr><tr class="skippedeven"><td rowspan="8">com.okta.test.mock.tests.CodeFlowLocalValidationIT</td><td><a href="#m6">followRedirect</a></td><td rowspan="1">1614634885293</td><td rowspan="1">0</td></tr><tr class="skippedeven"><td><a href="#m7">invalidSignatureAccessTokenJwtTest</a></td><td rowspan="1">1614634885293</td><td rowspan="1">0</td></tr><tr class="skippedeven"><td><a href="#m8">noAuthCodeTest</a></td><td rowspan="1">1614634885293</td><td rowspan="1">1</td></tr><tr class="skippedeven"><td><a href="#m9">redirectToLogin</a></td><td rowspan="1">1614634885294</td><td rowspan="1">0</td></tr><tr class="skippedeven"><td><a href="#m10">respondWithCode</a></td><td rowspan="1">1614634885294</td><td rowspan="1">0</td></tr><tr class="skippedeven"><td><a href="#m11">wrongAudienceAccessTokenJwtTest</a></td><td rowspan="1">1614634885294</td><td rowspan="1">1</td></tr><tr class="skippedeven"><td><a href="#m12">wrongKeyIdAccessTokenJwtTest</a></td><td rowspan="1">1614634885295</td><td rowspan="1">0</td></tr><tr class="skippedeven"><td><a href="#m13">wrongStateTest</a></td><td rowspan="1">1614634885295</td><td rowspan="1">0</td></tr><tr class="skippedodd"><td rowspan="2">com.okta.test.mock.tests.CodeFlowRemoteValidationIT</td><td><a href="#m14">followRedirect</a></td><td rowspan="1">1614634885299</td><td rowspan="1">0</td></tr><tr class="skippedodd"><td><a href="#m15">respondWithCode</a></td><td rowspan="1">1614634885299</td><td rowspan="1">0</td></tr><tr class="skippedeven"><td rowspan="8">com.okta.test.mock.tests.CustomLoginCodeFlowLocalValidationIT</td><td><a href="#m16">followRedirect</a></td><td rowspan="1">1614634885296</td><td rowspan="1">0</td></tr><tr class="skippedeven"><td><a href="#m17">invalidSignatureAccessTokenJwtTest</a></td><td rowspan="1">1614634885297</td><td rowspan="1">0</td></tr><tr class="skippedeven"><td><a href="#m18">noAuthCodeTest</a></td><td rowspan="1">1614634885297</td><td rowspan="1">0</td></tr><tr class="skippedeven"><td><a href="#m19">redirectToLogin</a></td><td rowspan="1">1614634885297</td><td rowspan="1">0</td></tr><tr class="skippedeven"><td><a href="#m20">respondWithCode</a></td><td rowspan="1">1614634885297</td><td rowspan="1">0</td></tr><tr class="skippedeven"><td><a href="#m21">wrongAudienceAccessTokenJwtTest</a></td><td rowspan="1">1614634885297</td><td rowspan="1">1</td></tr><tr class="skippedeven"><td><a href="#m22">wrongKeyIdAccessTokenJwtTest</a></td><td rowspan="1">1614634885298</td><td rowspan="1">0</td></tr><tr class="skippedeven"><td><a href="#m23">wrongStateTest</a></td><td rowspan="1">1614634885298</td><td rowspan="1">0</td></tr><tr class="skippedodd"><td rowspan="2">com.okta.test.mock.tests.CustomLoginCodeFlowRemoteValidationIT</td><td><a href="#m24">followRedirect</a></td><td rowspan="1">1614634888709</td><td rowspan="1">0</td></tr><tr class="skippedodd"><td><a href="#m25">respondWithCode</a></td><td rowspan="1">1614634888709</td><td rowspan="1">0</td></tr><tr class="skippedeven"><td rowspan="7">com.okta.test.mock.tests.ImplicitLocalValidationIT</td><td><a href="#m26">accessKeyNonTrustedKeyTest</a></td><td rowspan="1">1614634888707</td><td rowspan="1">1</td></tr><tr class="skippedeven"><td><a href="#m27">inactiveAccessTokenTest</a></td><td rowspan="1">1614634888708</td><td rowspan="1">0</td></tr><tr class="skippedeven"><td><a href="#m28">noToken401Test</a></td><td rowspan="1">1614634888708</td><td rowspan="1">0</td></tr><tr class="skippedeven"><td><a href="#m29">nonJWTAccessKeyTest</a></td><td rowspan="1">1614634888708</td><td rowspan="1">0</td></tr><tr class="skippedeven"><td><a href="#m30">scopeAccessTokenTest</a></td><td rowspan="1">1614634888708</td><td rowspan="1">0</td></tr><tr class="skippedeven"><td><a href="#m31">wrongAudienceAccessTokenTest</a></td><td rowspan="1">1614634888708</td><td rowspan="1">0</td></tr><tr class="skippedeven"><td><a href="#m32">wrongScopeAccessTokenTest</a></td><td rowspan="1">1614634888708</td><td rowspan="1">0</td></tr><tr class="skippedodd"><td rowspan="2">com.okta.test.mock.tests.ImplicitRemoteValidationIT</td><td><a href="#m33">noToken401</a></td><td rowspan="1">1614634885267</td><td rowspan="1">20</td></tr><tr class="skippedodd"><td><a href="#m34">scopeAccessTest</a></td><td rowspan="1">1614634885288</td><td rowspan="1">1</td></tr><tr class="skippedeven"><td rowspan="12">com.okta.test.mock.tests.OIDCCodeFlowLocalValidationIT</td><td><a href="#m35">expiredIdTokenJwtTest</a></td><td rowspan="1">1614634885299</td><td rowspan="1">1</td></tr><tr class="skippedeven"><td><a href="#m36">followRedirect</a></td><td rowspan="1">1614634885300</td><td rowspan="1">0</td></tr><tr class="skippedeven"><td><a href="#m37">inactiveTokenJwtTest</a></td><td rowspan="1">1614634885300</td><td rowspan="1">0</td></tr><tr class="skippedeven"><td><a href="#m38">invalidIssuerIdTokenJwtTest</a></td><td rowspan="1">1614634885300</td><td rowspan="1">0</td></tr><tr class="skippedeven"><td><a href="#m39">invalidSignatureIdTokenJwtTest</a></td><td rowspan="1">1614634885300</td><td rowspan="1">1</td></tr><tr class="skippedeven"><td><a href="#m40">issuedInFutureIdTokenJwtTest</a></td><td rowspan="1">1614634885301</td><td rowspan="1">0</td></tr><tr class="skippedeven"><td><a href="#m41">noAuthCodeTest</a></td><td rowspan="1">1614634885301</td><td rowspan="1">0</td></tr><tr class="skippedeven"><td><a href="#m42">respondWithCode</a></td><td rowspan="1">1614634885301</td><td rowspan="1">1</td></tr><tr class="skippedeven"><td><a href="#m43">unsignedIdTokenJwtTest</a></td><td rowspan="1">1614634885302</td><td rowspan="1">0</td></tr><tr class="skippedeven"><td><a href="#m44">wrongAudienceIdTokenJwtTest</a></td><td rowspan="1">1614634885303</td><td rowspan="1">0</td></tr><tr class="skippedeven"><td><a href="#m45">wrongKeyIdIdTokenJwtTest</a></td><td rowspan="1">1614634885307</td><td rowspan="1">0</td></tr><tr class="skippedeven"><td><a href="#m46">wrongStateTest</a></td><td rowspan="1">1614634885308</td><td rowspan="1">0</td></tr></tbody></table><h2>Surefire test</h2><h3 id="m0">com.okta.test.mock.tests.ImplicitLocalValidationIT#start</h3><table class="result"><tr><th>Exception</th></tr><tr><td><div class="stacktrace">java.lang.AssertionError: Process did not start: ./mvnw: exit status: 1
	at groovy.lang.MetaMethod.doMethodInvoke(MetaMethod.java:323)
	at org.codehaus.groovy.runtime.callsite.StaticMetaMethodSite$StaticMetaMethodSiteNoUnwrap.invoke(StaticMetaMethodSite.java:131)
	at org.codehaus.groovy.runtime.callsite.StaticMetaMethodSite.call(StaticMetaMethodSite.java:89)
	at org.codehaus.groovy.runtime.callsite.CallSiteArray.defaultCall(CallSiteArray.java:47)
	at org.codehaus.groovy.runtime.callsite.AbstractCallSite.call(AbstractCallSite.java:115)
	at org.codehaus.groovy.runtime.callsite.AbstractCallSite.call(AbstractCallSite.java:127)
	at com.okta.test.mock.application.CliApplicationUnderTest.start(CliApplicationUnderTest.groovy:48)
	at com.okta.test.mock.application.ApplicationUnderTest$start$0.call(Unknown Source)
	at org.codehaus.groovy.runtime.callsite.CallSiteArray.defaultCall(CallSiteArray.java:47)
	at org.codehaus.groovy.runtime.callsite.AbstractCallSite.call(AbstractCallSite.java:115)
	at org.codehaus.groovy.runtime.callsite.AbstractCallSite.call(AbstractCallSite.java:119)
	at com.okta.test.mock.application.ApplicationTestRunner.start(ApplicationTestRunner.groovy:91)
... Removed 35 stack frames</div></td></tr></table><p class="totop"><a href="#summary">back to summary</a></p><h3 id="m1">com.okta.test.mock.tests.CustomLoginCodeFlowRemoteValidationIT#start</h3><table class="result"></table><p class="totop"><a href="#summary">back to summary</a></p><h3 id="m2">com.okta.test.mock.tests.CustomLoginCodeFlowRemoteValidationIT#stop</h3><table class="result"></table><p class="totop"><a href="#summary">back to summary</a></p><h3 id="m3">com.okta.test.mock.tests.CustomLoginCodeFlowRemoteValidationIT#stopMockServer</h3><table class="result"></table><p class="totop"><a href="#summary">back to summary</a></p><h3 id="m4">com.okta.test.mock.tests.ImplicitLocalValidationIT#stop</h3><table class="result"></table><p class="totop"><a href="#summary">back to summary</a></p><h3 id="m5">com.okta.test.mock.tests.ImplicitLocalValidationIT#stopMockServer</h3><table class="result"></table><p class="totop"><a href="#summary">back to summary</a></p><h3 id="m6">com.okta.test.mock.tests.CodeFlowLocalValidationIT#followRedirect</h3><table class="result"><tr><th>Exception</th></tr><tr><td><div class="stacktrace">org.testng.SkipException: Skipping the disabled test - followRedirect
	at org.codehaus.groovy.runtime.callsite.ConstructorSite$ConstructorSiteNoUnwrapNoCoerce.callConstructor(ConstructorSite.java:105)
	at org.codehaus.groovy.runtime.callsite.AbstractCallSite.callConstructor(AbstractCallSite.java:249)
	at com.okta.test.mock.application.ApplicationTestRunner.run(ApplicationTestRunner.groovy:79)
... Removed 31 stack frames</div></td></tr></table><p class="totop"><a href="#summary">back to summary</a></p><h3 id="m7">com.okta.test.mock.tests.CodeFlowLocalValidationIT#invalidSignatureAccessTokenJwtTest</h3><table class="result"><tr><th>Exception</th></tr><tr><td><div class="stacktrace">org.testng.SkipException: Skipping the disabled test - invalidSignatureAccessTokenJwtTest
	at org.codehaus.groovy.runtime.callsite.ConstructorSite$ConstructorSiteNoUnwrapNoCoerce.callConstructor(ConstructorSite.java:105)
	at org.codehaus.groovy.runtime.callsite.AbstractCallSite.callConstructor(AbstractCallSite.java:249)
	at com.okta.test.mock.application.ApplicationTestRunner.run(ApplicationTestRunner.groovy:79)
... Removed 31 stack frames</div></td></tr></table><p class="totop"><a href="#summary">back to summary</a></p><h3 id="m8">com.okta.test.mock.tests.CodeFlowLocalValidationIT#noAuthCodeTest</h3><table class="result"><tr><th>Exception</th></tr><tr><td><div class="stacktrace">org.testng.SkipException: Skipping the disabled test - noAuthCodeTest
	at org.codehaus.groovy.runtime.callsite.ConstructorSite$ConstructorSiteNoUnwrapNoCoerce.callConstructor(ConstructorSite.java:105)
	at org.codehaus.groovy.runtime.callsite.AbstractCallSite.callConstructor(AbstractCallSite.java:249)
	at com.okta.test.mock.application.ApplicationTestRunner.run(ApplicationTestRunner.groovy:79)
... Removed 31 stack frames</div></td></tr></table><p class="totop"><a href="#summary">back to summary</a></p><h3 id="m9">com.okta.test.mock.tests.CodeFlowLocalValidationIT#redirectToLogin</h3><table class="result"><tr><th>Exception</th></tr><tr><td><div class="stacktrace">org.testng.SkipException: Skipping the disabled test - redirectToLogin
	at org.codehaus.groovy.runtime.callsite.ConstructorSite$ConstructorSiteNoUnwrapNoCoerce.callConstructor(ConstructorSite.java:105)
	at org.codehaus.groovy.runtime.callsite.AbstractCallSite.callConstructor(AbstractCallSite.java:249)
	at com.okta.test.mock.application.ApplicationTestRunner.run(ApplicationTestRunner.groovy:79)
... Removed 31 stack frames</div></td></tr></table><p class="totop"><a href="#summary">back to summary</a></p><h3 id="m10">com.okta.test.mock.tests.CodeFlowLocalValidationIT#respondWithCode</h3><table class="result"><tr><th>Exception</th></tr><tr><td><div class="stacktrace">org.testng.SkipException: Skipping the disabled test - respondWithCode
	at org.codehaus.groovy.runtime.callsite.ConstructorSite$ConstructorSiteNoUnwrapNoCoerce.callConstructor(ConstructorSite.java:105)
	at org.codehaus.groovy.runtime.callsite.AbstractCallSite.callConstructor(AbstractCallSite.java:249)
	at com.okta.test.mock.application.ApplicationTestRunner.run(ApplicationTestRunner.groovy:79)
... Removed 31 stack frames</div></td></tr></table><p class="totop"><a href="#summary">back to summary</a></p><h3 id="m11">com.okta.test.mock.tests.CodeFlowLocalValidationIT#wrongAudienceAccessTokenJwtTest</h3><table class="result"><tr><th>Exception</th></tr><tr><td><div class="stacktrace">org.testng.SkipException: Skipping the disabled test - wrongAudienceAccessTokenJwtTest
	at org.codehaus.groovy.runtime.callsite.ConstructorSite$ConstructorSiteNoUnwrapNoCoerce.callConstructor(ConstructorSite.java:105)
	at org.codehaus.groovy.runtime.callsite.AbstractCallSite.callConstructor(AbstractCallSite.java:249)
	at com.okta.test.mock.application.ApplicationTestRunner.run(ApplicationTestRunner.groovy:79)
... Removed 31 stack frames</div></td></tr></table><p class="totop"><a href="#summary">back to summary</a></p><h3 id="m12">com.okta.test.mock.tests.CodeFlowLocalValidationIT#wrongKeyIdAccessTokenJwtTest</h3><table class="result"><tr><th>Exception</th></tr><tr><td><div class="stacktrace">org.testng.SkipException: Skipping the disabled test - wrongKeyIdAccessTokenJwtTest
	at org.codehaus.groovy.runtime.callsite.ConstructorSite$ConstructorSiteNoUnwrapNoCoerce.callConstructor(ConstructorSite.java:105)
	at org.codehaus.groovy.runtime.callsite.AbstractCallSite.callConstructor(AbstractCallSite.java:249)
	at com.okta.test.mock.application.ApplicationTestRunner.run(ApplicationTestRunner.groovy:79)
... Removed 31 stack frames</div></td></tr></table><p class="totop"><a href="#summary">back to summary</a></p><h3 id="m13">com.okta.test.mock.tests.CodeFlowLocalValidationIT#wrongStateTest</h3><table class="result"><tr><th>Exception</th></tr><tr><td><div class="stacktrace">org.testng.SkipException: Skipping the disabled test - wrongStateTest
	at org.codehaus.groovy.runtime.callsite.ConstructorSite$ConstructorSiteNoUnwrapNoCoerce.callConstructor(ConstructorSite.java:105)
	at org.codehaus.groovy.runtime.callsite.AbstractCallSite.callConstructor(AbstractCallSite.java:249)
	at com.okta.test.mock.application.ApplicationTestRunner.run(ApplicationTestRunner.groovy:79)
... Removed 31 stack frames</div></td></tr></table><p class="totop"><a href="#summary">back to summary</a></p><h3 id="m14">com.okta.test.mock.tests.CodeFlowRemoteValidationIT#followRedirect</h3><table class="result"><tr><th>Exception</th></tr><tr><td><div class="stacktrace">org.testng.SkipException: Skipping the disabled test - followRedirect
	at org.codehaus.groovy.runtime.callsite.ConstructorSite$ConstructorSiteNoUnwrapNoCoerce.callConstructor(ConstructorSite.java:105)
	at org.codehaus.groovy.runtime.callsite.AbstractCallSite.callConstructor(AbstractCallSite.java:249)
	at com.okta.test.mock.application.ApplicationTestRunner.run(ApplicationTestRunner.groovy:79)
... Removed 30 stack frames</div></td></tr></table><p class="totop"><a href="#summary">back to summary</a></p><h3 id="m15">com.okta.test.mock.tests.CodeFlowRemoteValidationIT#respondWithCode</h3><table class="result"><tr><th>Exception</th></tr><tr><td><div class="stacktrace">org.testng.SkipException: Skipping the disabled test - respondWithCode
	at org.codehaus.groovy.runtime.callsite.ConstructorSite$ConstructorSiteNoUnwrapNoCoerce.callConstructor(ConstructorSite.java:105)
	at org.codehaus.groovy.runtime.callsite.AbstractCallSite.callConstructor(AbstractCallSite.java:249)
	at com.okta.test.mock.application.ApplicationTestRunner.run(ApplicationTestRunner.groovy:79)
... Removed 30 stack frames</div></td></tr></table><p class="totop"><a href="#summary">back to summary</a></p><h3 id="m16">com.okta.test.mock.tests.CustomLoginCodeFlowLocalValidationIT#followRedirect</h3><table class="result"><tr><th>Exception</th></tr><tr><td><div class="stacktrace">org.testng.SkipException: Skipping the disabled test - followRedirect
	at org.codehaus.groovy.runtime.callsite.ConstructorSite$ConstructorSiteNoUnwrapNoCoerce.callConstructor(ConstructorSite.java:105)
	at org.codehaus.groovy.runtime.callsite.AbstractCallSite.callConstructor(AbstractCallSite.java:249)
	at com.okta.test.mock.application.ApplicationTestRunner.run(ApplicationTestRunner.groovy:79)
... Removed 31 stack frames</div></td></tr></table><p class="totop"><a href="#summary">back to summary</a></p><h3 id="m17">com.okta.test.mock.tests.CustomLoginCodeFlowLocalValidationIT#invalidSignatureAccessTokenJwtTest</h3><table class="result"><tr><th>Exception</th></tr><tr><td><div class="stacktrace">org.testng.SkipException: Skipping the disabled test - invalidSignatureAccessTokenJwtTest
	at org.codehaus.groovy.runtime.callsite.ConstructorSite$ConstructorSiteNoUnwrapNoCoerce.callConstructor(ConstructorSite.java:105)
	at org.codehaus.groovy.runtime.callsite.AbstractCallSite.callConstructor(AbstractCallSite.java:249)
	at com.okta.test.mock.application.ApplicationTestRunner.run(ApplicationTestRunner.groovy:79)
... Removed 31 stack frames</div></td></tr></table><p class="totop"><a href="#summary">back to summary</a></p><h3 id="m18">com.okta.test.mock.tests.CustomLoginCodeFlowLocalValidationIT#noAuthCodeTest</h3><table class="result"><tr><th>Exception</th></tr><tr><td><div class="stacktrace">org.testng.SkipException: Skipping the disabled test - noAuthCodeTest
	at org.codehaus.groovy.runtime.callsite.ConstructorSite$ConstructorSiteNoUnwrapNoCoerce.callConstructor(ConstructorSite.java:105)
	at org.codehaus.groovy.runtime.callsite.AbstractCallSite.callConstructor(AbstractCallSite.java:249)
	at com.okta.test.mock.application.ApplicationTestRunner.run(ApplicationTestRunner.groovy:79)
... Removed 31 stack frames</div></td></tr></table><p class="totop"><a href="#summary">back to summary</a></p><h3 id="m19">com.okta.test.mock.tests.CustomLoginCodeFlowLocalValidationIT#redirectToLogin</h3><table class="result"><tr><th>Exception</th></tr><tr><td><div class="stacktrace">org.testng.SkipException: Skipping the disabled test - redirectToLogin
	at org.codehaus.groovy.runtime.callsite.ConstructorSite$ConstructorSiteNoUnwrapNoCoerce.callConstructor(ConstructorSite.java:105)
	at org.codehaus.groovy.runtime.callsite.AbstractCallSite.callConstructor(AbstractCallSite.java:249)
	at com.okta.test.mock.application.ApplicationTestRunner.run(ApplicationTestRunner.groovy:79)
... Removed 31 stack frames</div></td></tr></table><p class="totop"><a href="#summary">back to summary</a></p><h3 id="m20">com.okta.test.mock.tests.CustomLoginCodeFlowLocalValidationIT#respondWithCode</h3><table class="result"><tr><th>Exception</th></tr><tr><td><div class="stacktrace">org.testng.SkipException: Skipping the disabled test - respondWithCode
	at org.codehaus.groovy.runtime.callsite.ConstructorSite$ConstructorSiteNoUnwrapNoCoerce.callConstructor(ConstructorSite.java:105)
	at org.codehaus.groovy.runtime.callsite.AbstractCallSite.callConstructor(AbstractCallSite.java:249)
	at com.okta.test.mock.application.ApplicationTestRunner.run(ApplicationTestRunner.groovy:79)
... Removed 31 stack frames</div></td></tr></table><p class="totop"><a href="#summary">back to summary</a></p><h3 id="m21">com.okta.test.mock.tests.CustomLoginCodeFlowLocalValidationIT#wrongAudienceAccessTokenJwtTest</h3><table class="result"><tr><th>Exception</th></tr><tr><td><div class="stacktrace">org.testng.SkipException: Skipping the disabled test - wrongAudienceAccessTokenJwtTest
	at org.codehaus.groovy.runtime.callsite.ConstructorSite$ConstructorSiteNoUnwrapNoCoerce.callConstructor(ConstructorSite.java:105)
	at org.codehaus.groovy.runtime.callsite.AbstractCallSite.callConstructor(AbstractCallSite.java:249)
	at com.okta.test.mock.application.ApplicationTestRunner.run(ApplicationTestRunner.groovy:79)
... Removed 31 stack frames</div></td></tr></table><p class="totop"><a href="#summary">back to summary</a></p><h3 id="m22">com.okta.test.mock.tests.CustomLoginCodeFlowLocalValidationIT#wrongKeyIdAccessTokenJwtTest</h3><table class="result"><tr><th>Exception</th></tr><tr><td><div class="stacktrace">org.testng.SkipException: Skipping the disabled test - wrongKeyIdAccessTokenJwtTest
	at org.codehaus.groovy.runtime.callsite.ConstructorSite$ConstructorSiteNoUnwrapNoCoerce.callConstructor(ConstructorSite.java:105)
	at org.codehaus.groovy.runtime.callsite.AbstractCallSite.callConstructor(AbstractCallSite.java:249)
	at com.okta.test.mock.application.ApplicationTestRunner.run(ApplicationTestRunner.groovy:79)
... Removed 30 stack frames</div></td></tr></table><p class="totop"><a href="#summary">back to summary</a></p><h3 id="m23">com.okta.test.mock.tests.CustomLoginCodeFlowLocalValidationIT#wrongStateTest</h3><table class="result"><tr><th>Exception</th></tr><tr><td><div class="stacktrace">org.testng.SkipException: Skipping the disabled test - wrongStateTest
	at org.codehaus.groovy.runtime.callsite.ConstructorSite$ConstructorSiteNoUnwrapNoCoerce.callConstructor(ConstructorSite.java:105)
	at org.codehaus.groovy.runtime.callsite.AbstractCallSite.callConstructor(AbstractCallSite.java:249)
	at com.okta.test.mock.application.ApplicationTestRunner.run(ApplicationTestRunner.groovy:79)
... Removed 30 stack frames</div></td></tr></table><p class="totop"><a href="#summary">back to summary</a></p><h3 id="m24">com.okta.test.mock.tests.CustomLoginCodeFlowRemoteValidationIT#followRedirect</h3><table class="result"></table><p class="totop"><a href="#summary">back to summary</a></p><h3 id="m25">com.okta.test.mock.tests.CustomLoginCodeFlowRemoteValidationIT#respondWithCode</h3><table class="result"></table><p class="totop"><a href="#summary">back to summary</a></p><h3 id="m26">com.okta.test.mock.tests.ImplicitLocalValidationIT#accessKeyNonTrustedKeyTest</h3><table class="result"></table><p class="totop"><a href="#summary">back to summary</a></p><h3 id="m27">com.okta.test.mock.tests.ImplicitLocalValidationIT#inactiveAccessTokenTest</h3><table class="result"></table><p class="totop"><a href="#summary">back to summary</a></p><h3 id="m28">com.okta.test.mock.tests.ImplicitLocalValidationIT#noToken401Test</h3><table class="result"></table><p class="totop"><a href="#summary">back to summary</a></p><h3 id="m29">com.okta.test.mock.tests.ImplicitLocalValidationIT#nonJWTAccessKeyTest</h3><table class="result"></table><p class="totop"><a href="#summary">back to summary</a></p><h3 id="m30">com.okta.test.mock.tests.ImplicitLocalValidationIT#scopeAccessTokenTest</h3><table class="result"></table><p class="totop"><a href="#summary">back to summary</a></p><h3 id="m31">com.okta.test.mock.tests.ImplicitLocalValidationIT#wrongAudienceAccessTokenTest</h3><table class="result"></table><p class="totop"><a href="#summary">back to summary</a></p><h3 id="m32">com.okta.test.mock.tests.ImplicitLocalValidationIT#wrongScopeAccessTokenTest</h3><table class="result"></table><p class="totop"><a href="#summary">back to summary</a></p><h3 id="m33">com.okta.test.mock.tests.ImplicitRemoteValidationIT#noToken401</h3><table class="result"><tr><th>Exception</th></tr><tr><td><div class="stacktrace">org.testng.SkipException: Skipping the disabled test - noToken401
	at org.codehaus.groovy.runtime.callsite.ConstructorSite$ConstructorSiteNoUnwrapNoCoerce.callConstructor(ConstructorSite.java:105)
	at org.codehaus.groovy.runtime.callsite.CallSiteArray.defaultCallConstructor(CallSiteArray.java:59)
	at org.codehaus.groovy.runtime.callsite.AbstractCallSite.callConstructor(AbstractCallSite.java:237)
	at org.codehaus.groovy.runtime.callsite.AbstractCallSite.callConstructor(AbstractCallSite.java:249)
	at com.okta.test.mock.application.ApplicationTestRunner.run(ApplicationTestRunner.groovy:79)
... Removed 31 stack frames</div></td></tr></table><p class="totop"><a href="#summary">back to summary</a></p><h3 id="m34">com.okta.test.mock.tests.ImplicitRemoteValidationIT#scopeAccessTest</h3><table class="result"><tr><th>Exception</th></tr><tr><td><div class="stacktrace">org.testng.SkipException: Skipping the disabled test - scopeAccessTest
	at org.codehaus.groovy.runtime.callsite.ConstructorSite$ConstructorSiteNoUnwrapNoCoerce.callConstructor(ConstructorSite.java:105)
	at org.codehaus.groovy.runtime.callsite.AbstractCallSite.callConstructor(AbstractCallSite.java:249)
	at com.okta.test.mock.application.ApplicationTestRunner.run(ApplicationTestRunner.groovy:79)
... Removed 31 stack frames</div></td></tr></table><p class="totop"><a href="#summary">back to summary</a></p><h3 id="m35">com.okta.test.mock.tests.OIDCCodeFlowLocalValidationIT#expiredIdTokenJwtTest</h3><table class="result"><tr><th>Exception</th></tr><tr><td><div class="stacktrace">org.testng.SkipException: Skipping the disabled test - expiredIdTokenJwtTest
	at org.codehaus.groovy.runtime.callsite.ConstructorSite$ConstructorSiteNoUnwrapNoCoerce.callConstructor(ConstructorSite.java:105)
	at org.codehaus.groovy.runtime.callsite.AbstractCallSite.callConstructor(AbstractCallSite.java:249)
	at com.okta.test.mock.application.ApplicationTestRunner.run(ApplicationTestRunner.groovy:79)
... Removed 30 stack frames</div></td></tr></table><p class="totop"><a href="#summary">back to summary</a></p><h3 id="m36">com.okta.test.mock.tests.OIDCCodeFlowLocalValidationIT#followRedirect</h3><table class="result"><tr><th>Exception</th></tr><tr><td><div class="stacktrace">org.testng.SkipException: Skipping the disabled test - followRedirect
	at org.codehaus.groovy.runtime.callsite.ConstructorSite$ConstructorSiteNoUnwrapNoCoerce.callConstructor(ConstructorSite.java:105)
	at org.codehaus.groovy.runtime.callsite.AbstractCallSite.callConstructor(AbstractCallSite.java:249)
	at com.okta.test.mock.application.ApplicationTestRunner.run(ApplicationTestRunner.groovy:79)
... Removed 30 stack frames</div></td></tr></table><p class="totop"><a href="#summary">back to summary</a></p><h3 id="m37">com.okta.test.mock.tests.OIDCCodeFlowLocalValidationIT#inactiveTokenJwtTest</h3><table class="result"><tr><th>Exception</th></tr><tr><td><div class="stacktrace">org.testng.SkipException: Skipping the disabled test - inactiveTokenJwtTest
	at org.codehaus.groovy.runtime.callsite.ConstructorSite$ConstructorSiteNoUnwrapNoCoerce.callConstructor(ConstructorSite.java:105)
	at org.codehaus.groovy.runtime.callsite.AbstractCallSite.callConstructor(AbstractCallSite.java:249)
	at com.okta.test.mock.application.ApplicationTestRunner.run(ApplicationTestRunner.groovy:79)
... Removed 30 stack frames</div></td></tr></table><p class="totop"><a href="#summary">back to summary</a></p><h3 id="m38">com.okta.test.mock.tests.OIDCCodeFlowLocalValidationIT#invalidIssuerIdTokenJwtTest</h3><table class="result"><tr><th>Exception</th></tr><tr><td><div class="stacktrace">org.testng.SkipException: Skipping the disabled test - invalidIssuerIdTokenJwtTest
	at org.codehaus.groovy.runtime.callsite.ConstructorSite$ConstructorSiteNoUnwrapNoCoerce.callConstructor(ConstructorSite.java:105)
	at org.codehaus.groovy.runtime.callsite.AbstractCallSite.callConstructor(AbstractCallSite.java:249)
	at com.okta.test.mock.application.ApplicationTestRunner.run(ApplicationTestRunner.groovy:79)
... Removed 30 stack frames</div></td></tr></table><p class="totop"><a href="#summary">back to summary</a></p><h3 id="m39">com.okta.test.mock.tests.OIDCCodeFlowLocalValidationIT#invalidSignatureIdTokenJwtTest</h3><table class="result"><tr><th>Exception</th></tr><tr><td><div class="stacktrace">org.testng.SkipException: Skipping the disabled test - invalidSignatureIdTokenJwtTest
	at org.codehaus.groovy.runtime.callsite.ConstructorSite$ConstructorSiteNoUnwrapNoCoerce.callConstructor(ConstructorSite.java:105)
	at org.codehaus.groovy.runtime.callsite.AbstractCallSite.callConstructor(AbstractCallSite.java:249)
	at com.okta.test.mock.application.ApplicationTestRunner.run(ApplicationTestRunner.groovy:79)
... Removed 30 stack frames</div></td></tr></table><p class="totop"><a href="#summary">back to summary</a></p><h3 id="m40">com.okta.test.mock.tests.OIDCCodeFlowLocalValidationIT#issuedInFutureIdTokenJwtTest</h3><table class="result"><tr><th>Exception</th></tr><tr><td><div class="stacktrace">org.testng.SkipException: Skipping the disabled test - issuedInFutureIdTokenJwtTest
	at org.codehaus.groovy.runtime.callsite.ConstructorSite$ConstructorSiteNoUnwrapNoCoerce.callConstructor(ConstructorSite.java:105)
	at org.codehaus.groovy.runtime.callsite.AbstractCallSite.callConstructor(AbstractCallSite.java:249)
	at com.okta.test.mock.application.ApplicationTestRunner.run(ApplicationTestRunner.groovy:79)
... Removed 30 stack frames</div></td></tr></table><p class="totop"><a href="#summary">back to summary</a></p><h3 id="m41">com.okta.test.mock.tests.OIDCCodeFlowLocalValidationIT#noAuthCodeTest</h3><table class="result"><tr><th>Exception</th></tr><tr><td><div class="stacktrace">org.testng.SkipException: Skipping the disabled test - noAuthCodeTest
	at org.codehaus.groovy.runtime.callsite.ConstructorSite$ConstructorSiteNoUnwrapNoCoerce.callConstructor(ConstructorSite.java:105)
	at org.codehaus.groovy.runtime.callsite.AbstractCallSite.callConstructor(AbstractCallSite.java:249)
	at com.okta.test.mock.application.ApplicationTestRunner.run(ApplicationTestRunner.groovy:79)
... Removed 30 stack frames</div></td></tr></table><p class="totop"><a href="#summary">back to summary</a></p><h3 id="m42">com.okta.test.mock.tests.OIDCCodeFlowLocalValidationIT#respondWithCode</h3><table class="result"><tr><th>Exception</th></tr><tr><td><div class="stacktrace">org.testng.SkipException: Skipping the disabled test - respondWithCode
	at org.codehaus.groovy.runtime.callsite.ConstructorSite$ConstructorSiteNoUnwrapNoCoerce.callConstructor(ConstructorSite.java:105)
	at org.codehaus.groovy.runtime.callsite.AbstractCallSite.callConstructor(AbstractCallSite.java:249)
	at com.okta.test.mock.application.ApplicationTestRunner.run(ApplicationTestRunner.groovy:79)
... Removed 30 stack frames</div></td></tr></table><p class="totop"><a href="#summary">back to summary</a></p><h3 id="m43">com.okta.test.mock.tests.OIDCCodeFlowLocalValidationIT#unsignedIdTokenJwtTest</h3><table class="result"><tr><th>Exception</th></tr><tr><td><div class="stacktrace">org.testng.SkipException: Skipping the disabled test - unsignedIdTokenJwtTest
	at org.codehaus.groovy.runtime.callsite.ConstructorSite$ConstructorSiteNoUnwrapNoCoerce.callConstructor(ConstructorSite.java:105)
	at org.codehaus.groovy.runtime.callsite.AbstractCallSite.callConstructor(AbstractCallSite.java:249)
	at com.okta.test.mock.application.ApplicationTestRunner.run(ApplicationTestRunner.groovy:79)
... Removed 30 stack frames</div></td></tr></table><p class="totop"><a href="#summary">back to summary</a></p><h3 id="m44">com.okta.test.mock.tests.OIDCCodeFlowLocalValidationIT#wrongAudienceIdTokenJwtTest</h3><table class="result"><tr><th>Exception</th></tr><tr><td><div class="stacktrace">org.testng.SkipException: Skipping the disabled test - wrongAudienceIdTokenJwtTest
	at org.codehaus.groovy.runtime.callsite.ConstructorSite$ConstructorSiteNoUnwrapNoCoerce.callConstructor(ConstructorSite.java:105)
	at org.codehaus.groovy.runtime.callsite.AbstractCallSite.callConstructor(AbstractCallSite.java:249)
	at com.okta.test.mock.application.ApplicationTestRunner.run(ApplicationTestRunner.groovy:79)
... Removed 30 stack frames</div></td></tr></table><p class="totop"><a href="#summary">back to summary</a></p><h3 id="m45">com.okta.test.mock.tests.OIDCCodeFlowLocalValidationIT#wrongKeyIdIdTokenJwtTest</h3><table class="result"><tr><th>Exception</th></tr><tr><td><div class="stacktrace">org.testng.SkipException: Skipping the disabled test - wrongKeyIdIdTokenJwtTest
	at org.codehaus.groovy.runtime.callsite.ConstructorSite$ConstructorSiteNoUnwrapNoCoerce.callConstructor(ConstructorSite.java:105)
	at org.codehaus.groovy.runtime.callsite.AbstractCallSite.callConstructor(AbstractCallSite.java:249)
	at com.okta.test.mock.application.ApplicationTestRunner.run(ApplicationTestRunner.groovy:79)
... Removed 30 stack frames</div></td></tr></table><p class="totop"><a href="#summary">back to summary</a></p><h3 id="m46">com.okta.test.mock.tests.OIDCCodeFlowLocalValidationIT#wrongStateTest</h3><table class="result"><tr><th>Exception</th></tr><tr><td><div class="stacktrace">org.testng.SkipException: Skipping the disabled test - wrongStateTest
	at org.codehaus.groovy.runtime.callsite.ConstructorSite$ConstructorSiteNoUnwrapNoCoerce.callConstructor(ConstructorSite.java:105)
	at org.codehaus.groovy.runtime.callsite.AbstractCallSite.callConstructor(AbstractCallSite.java:249)
	at com.okta.test.mock.application.ApplicationTestRunner.run(ApplicationTestRunner.groovy:79)
... Removed 30 stack frames</div></td></tr></table><p class="totop"><a href="#summary">back to summary</a></p></body></html>