<!DOCTYPE html>

<html>
  <head>
  <meta charset='utf-8'>
  <title>TestNG reports</title>

    <link type="text/css" href="testng-reports.css" rel="stylesheet" />  
    <script type="text/javascript" src="jquery-1.7.1.min.js"></script>
    <script type="text/javascript" src="testng-reports.js"></script>
    <script type="text/javascript" src="https://www.google.com/jsapi"></script>
    <script type='text/javascript'>
      google.load('visualization', '1', {packages:['table']});
      google.setOnLoadCallback(drawTable);
      var suiteTableInitFunctions = new Array();
      var suiteTableData = new Array();
    </script>
    <!--
      <script type="text/javascript" src="jquery-ui/js/jquery-ui-1.8.16.custom.min.js"></script>
     -->
  </head>

  <body>
    <div class="top-banner-root">
      <span class="top-banner-title-font">Test results</span>
      <br/>
      <span class="top-banner-font-1">1 suite</span>
    </div> <!-- top-banner-root -->
    <div class="navigator-root">
      <div class="navigator-suite-header">
        <span>All suites</span>
        <a href="#" title="Collapse/expand all the suites" class="collapse-all-link">
          <img src="collapseall.gif" class="collapse-all-icon">
          </img> <!-- collapse-all-icon -->
        </a> <!-- collapse-all-link -->
      </div> <!-- navigator-suite-header -->
      <div class="suite">
        <div class="rounded-window">
          <div class="suite-header light-rounded-window-top">
            <a href="#" panel-name="suite-Surefire_suite" class="navigator-link">
              <span class="suite-name border-skipped">Surefire suite</span>
            </a> <!-- navigator-link -->
          </div> <!-- suite-header light-rounded-window-top -->
          <div class="navigator-suite-content">
            <div class="suite-section-title">
              <span>Info</span>
            </div> <!-- suite-section-title -->
            <div class="suite-section-content">
              <ul>
                <li>
                  <a href="#" panel-name="test-xml-Surefire_suite" class="navigator-link ">
                    <span>[unset file name]</span>
                  </a> <!-- navigator-link  -->
                </li>
                <li>
                  <a href="#" panel-name="testlist-Surefire_suite" class="navigator-link ">
                    <span class="test-stats">2 tests</span>
                  </a> <!-- navigator-link  -->
                </li>
                <li>
                  <a href="#" panel-name="group-Surefire_suite" class="navigator-link ">
                    <span>0 groups</span>
                  </a> <!-- navigator-link  -->
                </li>
                <li>
                  <a href="#" panel-name="times-Surefire_suite" class="navigator-link ">
                    <span>Times</span>
                  </a> <!-- navigator-link  -->
                </li>
                <li>
                  <a href="#" panel-name="reporter-Surefire_suite" class="navigator-link ">
                    <span>Reporter output</span>
                  </a> <!-- navigator-link  -->
                </li>
                <li>
                  <a href="#" panel-name="ignored-methods-Surefire_suite" class="navigator-link ">
                    <span>Ignored methods</span>
                  </a> <!-- navigator-link  -->
                </li>
                <li>
                  <a href="#" panel-name="chronological-Surefire_suite" class="navigator-link ">
                    <span>Chronological view</span>
                  </a> <!-- navigator-link  -->
                </li>
              </ul>
            </div> <!-- suite-section-content -->
            <div class="result-section">
              <div class="suite-section-title">
                <span>Results</span>
              </div> <!-- suite-section-title -->
              <div class="suite-section-content">
                <ul>
                  <li>
                    <span class="method-stats">41 methods,  41 skipped,  </span>
                  </li>
                  <li>
                    <span class="method-list-title skipped">Skipped methods</span>
                    <span class="show-or-hide-methods skipped">
                      <a href="#" panel-name="suite-Surefire_suite" class="hide-methods skipped suite-Surefire_suite"> (hide)</a> <!-- hide-methods skipped suite-Surefire_suite -->
                      <a href="#" panel-name="suite-Surefire_suite" class="show-methods skipped suite-Surefire_suite"> (show)</a> <!-- show-methods skipped suite-Surefire_suite -->
                    </span>
                    <div class="method-list-content skipped suite-Surefire_suite">
                      <span>
                        <img src="skipped.png" width="3%"/>
                        <a href="#" panel-name="suite-Surefire_suite" title="com.okta.test.mock.tests.ImplicitLocalValidationIT" class="method navigator-link" hash-for-method="accessKeyNonTrustedKeyTest">accessKeyNonTrustedKeyTest</a> <!-- method navigator-link -->
                      </span>
                      <br/>
                      <span>
                        <img src="skipped.png" width="3%"/>
                        <a href="#" panel-name="suite-Surefire_suite" title="com.okta.test.mock.tests.OIDCCodeFlowLocalValidationIT" class="method navigator-link" hash-for-method="expiredIdTokenJwtTest">expiredIdTokenJwtTest</a> <!-- method navigator-link -->
                      </span>
                      <br/>
                      <span>
                        <img src="skipped.png" width="3%"/>
                        <a href="#" panel-name="suite-Surefire_suite" title="com.okta.test.mock.tests.CustomLoginCodeFlowRemoteValidationIT" class="method navigator-link" hash-for-method="followRedirect">followRedirect</a> <!-- method navigator-link -->
                      </span>
                      <br/>
                      <span>
                        <img src="skipped.png" width="3%"/>
                        <a href="#" panel-name="suite-Surefire_suite" title="com.okta.test.mock.tests.OIDCCodeFlowLocalValidationIT" class="method navigator-link" hash-for-method="followRedirect">followRedirect</a> <!-- method navigator-link -->
                      </span>
                      <br/>
                      <span>
                        <img src="skipped.png" width="3%"/>
                        <a href="#" panel-name="suite-Surefire_suite" title="com.okta.test.mock.tests.CodeFlowLocalValidationIT" class="method navigator-link" hash-for-method="followRedirect">followRedirect</a> <!-- method navigator-link -->
                      </span>
                      <br/>
                      <span>
                        <img src="skipped.png" width="3%"/>
                        <a href="#" panel-name="suite-Surefire_suite" title="com.okta.test.mock.tests.CodeFlowRemoteValidationIT" class="method navigator-link" hash-for-method="followRedirect">followRedirect</a> <!-- method navigator-link -->
                      </span>
                      <br/>
                      <span>
                        <img src="skipped.png" width="3%"/>
                        <a href="#" panel-name="suite-Surefire_suite" title="com.okta.test.mock.tests.CustomLoginCodeFlowLocalValidationIT" class="method navigator-link" hash-for-method="followRedirect">followRedirect</a> <!-- method navigator-link -->
                      </span>
                      <br/>
                      <span>
                        <img src="skipped.png" width="3%"/>
                        <a href="#" panel-name="suite-Surefire_suite" title="com.okta.test.mock.tests.ImplicitLocalValidationIT" class="method navigator-link" hash-for-method="inactiveAccessTokenTest">inactiveAccessTokenTest</a> <!-- method navigator-link -->
                      </span>
                      <br/>
                      <span>
                        <img src="skipped.png" width="3%"/>
                        <a href="#" panel-name="suite-Surefire_suite" title="com.okta.test.mock.tests.OIDCCodeFlowLocalValidationIT" class="method navigator-link" hash-for-method="inactiveTokenJwtTest">inactiveTokenJwtTest</a> <!-- method navigator-link -->
                      </span>
                      <br/>
                      <span>
                        <img src="skipped.png" width="3%"/>
                        <a href="#" panel-name="suite-Surefire_suite" title="com.okta.test.mock.tests.OIDCCodeFlowLocalValidationIT" class="method navigator-link" hash-for-method="invalidIssuerIdTokenJwtTest">invalidIssuerIdTokenJwtTest</a> <!-- method navigator-link -->
                      </span>
                      <br/>
                      <span>
                        <img src="skipped.png" width="3%"/>
                        <a href="#" panel-name="suite-Surefire_suite" title="com.okta.test.mock.tests.CodeFlowLocalValidationIT" class="method navigator-link" hash-for-method="invalidSignatureAccessTokenJwtTest">invalidSignatureAccessTokenJwtTest</a> <!-- method navigator-link -->
                      </span>
                      <br/>
                      <span>
                        <img src="skipped.png" width="3%"/>
                        <a href="#" panel-name="suite-Surefire_suite" title="com.okta.test.mock.tests.CustomLoginCodeFlowLocalValidationIT" class="method navigator-link" hash-for-method="invalidSignatureAccessTokenJwtTest">invalidSignatureAccessTokenJwtTest</a> <!-- method navigator-link -->
                      </span>
                      <br/>
                      <span>
                        <img src="skipped.png" width="3%"/>
                        <a href="#" panel-name="suite-Surefire_suite" title="com.okta.test.mock.tests.OIDCCodeFlowLocalValidationIT" class="method navigator-link" hash-for-method="invalidSignatureIdTokenJwtTest">invalidSignatureIdTokenJwtTest</a> <!-- method navigator-link -->
                      </span>
                      <br/>
                      <span>
                        <img src="skipped.png" width="3%"/>
                        <a href="#" panel-name="suite-Surefire_suite" title="com.okta.test.mock.tests.OIDCCodeFlowLocalValidationIT" class="method navigator-link" hash-for-method="issuedInFutureIdTokenJwtTest">issuedInFutureIdTokenJwtTest</a> <!-- method navigator-link -->
                      </span>
                      <br/>
                      <span>
                        <img src="skipped.png" width="3%"/>
                        <a href="#" panel-name="suite-Surefire_suite" title="com.okta.test.mock.tests.CodeFlowLocalValidationIT" class="method navigator-link" hash-for-method="noAuthCodeTest">noAuthCodeTest</a> <!-- method navigator-link -->
                      </span>
                      <br/>
                      <span>
                        <img src="skipped.png" width="3%"/>
                        <a href="#" panel-name="suite-Surefire_suite" title="com.okta.test.mock.tests.OIDCCodeFlowLocalValidationIT" class="method navigator-link" hash-for-method="noAuthCodeTest">noAuthCodeTest</a> <!-- method navigator-link -->
                      </span>
                      <br/>
                      <span>
                        <img src="skipped.png" width="3%"/>
                        <a href="#" panel-name="suite-Surefire_suite" title="com.okta.test.mock.tests.CustomLoginCodeFlowLocalValidationIT" class="method navigator-link" hash-for-method="noAuthCodeTest">noAuthCodeTest</a> <!-- method navigator-link -->
                      </span>
                      <br/>
                      <span>
                        <img src="skipped.png" width="3%"/>
                        <a href="#" panel-name="suite-Surefire_suite" title="com.okta.test.mock.tests.ImplicitRemoteValidationIT" class="method navigator-link" hash-for-method="noToken401">noToken401</a> <!-- method navigator-link -->
                      </span>
                      <br/>
                      <span>
                        <img src="skipped.png" width="3%"/>
                        <a href="#" panel-name="suite-Surefire_suite" title="com.okta.test.mock.tests.ImplicitLocalValidationIT" class="method navigator-link" hash-for-method="noToken401Test">noToken401Test</a> <!-- method navigator-link -->
                      </span>
                      <br/>
                      <span>
                        <img src="skipped.png" width="3%"/>
                        <a href="#" panel-name="suite-Surefire_suite" title="com.okta.test.mock.tests.ImplicitLocalValidationIT" class="method navigator-link" hash-for-method="nonJWTAccessKeyTest">nonJWTAccessKeyTest</a> <!-- method navigator-link -->
                      </span>
                      <br/>
                      <span>
                        <img src="skipped.png" width="3%"/>
                        <a href="#" panel-name="suite-Surefire_suite" title="com.okta.test.mock.tests.CustomLoginCodeFlowLocalValidationIT" class="method navigator-link" hash-for-method="redirectToLogin">redirectToLogin</a> <!-- method navigator-link -->
                      </span>
                      <br/>
                      <span>
                        <img src="skipped.png" width="3%"/>
                        <a href="#" panel-name="suite-Surefire_suite" title="com.okta.test.mock.tests.CodeFlowLocalValidationIT" class="method navigator-link" hash-for-method="redirectToLogin">redirectToLogin</a> <!-- method navigator-link -->
                      </span>
                      <br/>
                      <span>
                        <img src="skipped.png" width="3%"/>
                        <a href="#" panel-name="suite-Surefire_suite" title="com.okta.test.mock.tests.CodeFlowLocalValidationIT" class="method navigator-link" hash-for-method="respondWithCode">respondWithCode</a> <!-- method navigator-link -->
                      </span>
                      <br/>
                      <span>
                        <img src="skipped.png" width="3%"/>
                        <a href="#" panel-name="suite-Surefire_suite" title="com.okta.test.mock.tests.OIDCCodeFlowLocalValidationIT" class="method navigator-link" hash-for-method="respondWithCode">respondWithCode</a> <!-- method navigator-link -->
                      </span>
                      <br/>
                      <span>
                        <img src="skipped.png" width="3%"/>
                        <a href="#" panel-name="suite-Surefire_suite" title="com.okta.test.mock.tests.CustomLoginCodeFlowLocalValidationIT" class="method navigator-link" hash-for-method="respondWithCode">respondWithCode</a> <!-- method navigator-link -->
                      </span>
                      <br/>
                      <span>
                        <img src="skipped.png" width="3%"/>
                        <a href="#" panel-name="suite-Surefire_suite" title="com.okta.test.mock.tests.CustomLoginCodeFlowRemoteValidationIT" class="method navigator-link" hash-for-method="respondWithCode">respondWithCode</a> <!-- method navigator-link -->
                      </span>
                      <br/>
                      <span>
                        <img src="skipped.png" width="3%"/>
                        <a href="#" panel-name="suite-Surefire_suite" title="com.okta.test.mock.tests.CodeFlowRemoteValidationIT" class="method navigator-link" hash-for-method="respondWithCode">respondWithCode</a> <!-- method navigator-link -->
                      </span>
                      <br/>
                      <span>
                        <img src="skipped.png" width="3%"/>
                        <a href="#" panel-name="suite-Surefire_suite" title="com.okta.test.mock.tests.ImplicitRemoteValidationIT" class="method navigator-link" hash-for-method="scopeAccessTest">scopeAccessTest</a> <!-- method navigator-link -->
                      </span>
                      <br/>
                      <span>
                        <img src="skipped.png" width="3%"/>
                        <a href="#" panel-name="suite-Surefire_suite" title="com.okta.test.mock.tests.ImplicitLocalValidationIT" class="method navigator-link" hash-for-method="scopeAccessTokenTest">scopeAccessTokenTest</a> <!-- method navigator-link -->
                      </span>
                      <br/>
                      <span>
                        <img src="skipped.png" width="3%"/>
                        <a href="#" panel-name="suite-Surefire_suite" title="com.okta.test.mock.tests.OIDCCodeFlowLocalValidationIT" class="method navigator-link" hash-for-method="unsignedIdTokenJwtTest">unsignedIdTokenJwtTest</a> <!-- method navigator-link -->
                      </span>
                      <br/>
                      <span>
                        <img src="skipped.png" width="3%"/>
                        <a href="#" panel-name="suite-Surefire_suite" title="com.okta.test.mock.tests.CodeFlowLocalValidationIT" class="method navigator-link" hash-for-method="wrongAudienceAccessTokenJwtTest">wrongAudienceAccessTokenJwtTest</a> <!-- method navigator-link -->
                      </span>
                      <br/>
                      <span>
                        <img src="skipped.png" width="3%"/>
                        <a href="#" panel-name="suite-Surefire_suite" title="com.okta.test.mock.tests.CustomLoginCodeFlowLocalValidationIT" class="method navigator-link" hash-for-method="wrongAudienceAccessTokenJwtTest">wrongAudienceAccessTokenJwtTest</a> <!-- method navigator-link -->
                      </span>
                      <br/>
                      <span>
                        <img src="skipped.png" width="3%"/>
                        <a href="#" panel-name="suite-Surefire_suite" title="com.okta.test.mock.tests.ImplicitLocalValidationIT" class="method navigator-link" hash-for-method="wrongAudienceAccessTokenTest">wrongAudienceAccessTokenTest</a> <!-- method navigator-link -->
                      </span>
                      <br/>
                      <span>
                        <img src="skipped.png" width="3%"/>
                        <a href="#" panel-name="suite-Surefire_suite" title="com.okta.test.mock.tests.OIDCCodeFlowLocalValidationIT" class="method navigator-link" hash-for-method="wrongAudienceIdTokenJwtTest">wrongAudienceIdTokenJwtTest</a> <!-- method navigator-link -->
                      </span>
                      <br/>
                      <span>
                        <img src="skipped.png" width="3%"/>
                        <a href="#" panel-name="suite-Surefire_suite" title="com.okta.test.mock.tests.CodeFlowLocalValidationIT" class="method navigator-link" hash-for-method="wrongKeyIdAccessTokenJwtTest">wrongKeyIdAccessTokenJwtTest</a> <!-- method navigator-link -->
                      </span>
                      <br/>
                      <span>
                        <img src="skipped.png" width="3%"/>
                        <a href="#" panel-name="suite-Surefire_suite" title="com.okta.test.mock.tests.CustomLoginCodeFlowLocalValidationIT" class="method navigator-link" hash-for-method="wrongKeyIdAccessTokenJwtTest">wrongKeyIdAccessTokenJwtTest</a> <!-- method navigator-link -->
                      </span>
                      <br/>
                      <span>
                        <img src="skipped.png" width="3%"/>
                        <a href="#" panel-name="suite-Surefire_suite" title="com.okta.test.mock.tests.OIDCCodeFlowLocalValidationIT" class="method navigator-link" hash-for-method="wrongKeyIdIdTokenJwtTest">wrongKeyIdIdTokenJwtTest</a> <!-- method navigator-link -->
                      </span>
                      <br/>
                      <span>
                        <img src="skipped.png" width="3%"/>
                        <a href="#" panel-name="suite-Surefire_suite" title="com.okta.test.mock.tests.ImplicitLocalValidationIT" class="method navigator-link" hash-for-method="wrongScopeAccessTokenTest">wrongScopeAccessTokenTest</a> <!-- method navigator-link -->
                      </span>
                      <br/>
                      <span>
                        <img src="skipped.png" width="3%"/>
                        <a href="#" panel-name="suite-Surefire_suite" title="com.okta.test.mock.tests.OIDCCodeFlowLocalValidationIT" class="method navigator-link" hash-for-method="wrongStateTest">wrongStateTest</a> <!-- method navigator-link -->
                      </span>
                      <br/>
                      <span>
                        <img src="skipped.png" width="3%"/>
                        <a href="#" panel-name="suite-Surefire_suite" title="com.okta.test.mock.tests.CustomLoginCodeFlowLocalValidationIT" class="method navigator-link" hash-for-method="wrongStateTest">wrongStateTest</a> <!-- method navigator-link -->
                      </span>
                      <br/>
                      <span>
                        <img src="skipped.png" width="3%"/>
                        <a href="#" panel-name="suite-Surefire_suite" title="com.okta.test.mock.tests.CodeFlowLocalValidationIT" class="method navigator-link" hash-for-method="wrongStateTest">wrongStateTest</a> <!-- method navigator-link -->
                      </span>
                      <br/>
                    </div> <!-- method-list-content skipped suite-Surefire_suite -->
                  </li>
                </ul>
              </div> <!-- suite-section-content -->
            </div> <!-- result-section -->
          </div> <!-- navigator-suite-content -->
        </div> <!-- rounded-window -->
      </div> <!-- suite -->
    </div> <!-- navigator-root -->
    <div class="wrapper">
      <div class="main-panel-root">
        <div panel-name="suite-Surefire_suite" class="panel Surefire_suite">
          <div class="suite-Surefire_suite-class-skipped">
            <div class="main-panel-header rounded-window-top">
              <img src="skipped.png"/>
              <span class="class-name">com.okta.test.mock.tests.CodeFlowLocalValidationIT</span>
            </div> <!-- main-panel-header rounded-window-top -->
            <div class="main-panel-content rounded-window-bottom">
              <div class="method">
                <div class="method-content">
                  <a name="followRedirect">
                  </a> <!-- followRedirect -->
                  <span class="method-name">followRedirect</span>
                  <div class="stack-trace">org.testng.SkipException: Skipping the disabled test - followRedirect
	at org.codehaus.groovy.runtime.callsite.ConstructorSite$ConstructorSiteNoUnwrapNoCoerce.callConstructor(ConstructorSite.java:105)
	at org.codehaus.groovy.runtime.callsite.AbstractCallSite.callConstructor(AbstractCallSite.java:249)
	at com.okta.test.mock.application.ApplicationTestRunner.run(ApplicationTestRunner.groovy:79)
... Removed 31 stack frames
</div> <!-- stack-trace -->
                </div> <!-- method-content -->
              </div> <!-- method -->
              <div class="method">
                <div class="method-content">
                  <a name="invalidSignatureAccessTokenJwtTest">
                  </a> <!-- invalidSignatureAccessTokenJwtTest -->
                  <span class="method-name">invalidSignatureAccessTokenJwtTest</span>
                  <div class="stack-trace">org.testng.SkipException: Skipping the disabled test - invalidSignatureAccessTokenJwtTest
	at org.codehaus.groovy.runtime.callsite.ConstructorSite$ConstructorSiteNoUnwrapNoCoerce.callConstructor(ConstructorSite.java:105)
	at org.codehaus.groovy.runtime.callsite.AbstractCallSite.callConstructor(AbstractCallSite.java:249)
	at com.okta.test.mock.application.ApplicationTestRunner.run(ApplicationTestRunner.groovy:79)
... Removed 31 stack frames
</div> <!-- stack-trace -->
                </div> <!-- method-content -->
              </div> <!-- method -->
              <div class="method">
                <div class="method-content">
                  <a name="noAuthCodeTest">
                  </a> <!-- noAuthCodeTest -->
                  <span class="method-name">noAuthCodeTest</span>
                  <div class="stack-trace">org.testng.SkipException: Skipping the disabled test - noAuthCodeTest
	at org.codehaus.groovy.runtime.callsite.ConstructorSite$ConstructorSiteNoUnwrapNoCoerce.callConstructor(ConstructorSite.java:105)
	at org.codehaus.groovy.runtime.callsite.AbstractCallSite.callConstructor(AbstractCallSite.java:249)
	at com.okta.test.mock.application.ApplicationTestRunner.run(ApplicationTestRunner.groovy:79)
... Removed 31 stack frames
</div> <!-- stack-trace -->
                </div> <!-- method-content -->
              </div> <!-- method -->
              <div class="method">
                <div class="method-content">
                  <a name="redirectToLogin">
                  </a> <!-- redirectToLogin -->
                  <span class="method-name">redirectToLogin</span>
                  <div class="stack-trace">org.testng.SkipException: Skipping the disabled test - redirectToLogin
	at org.codehaus.groovy.runtime.callsite.ConstructorSite$ConstructorSiteNoUnwrapNoCoerce.callConstructor(ConstructorSite.java:105)
	at org.codehaus.groovy.runtime.callsite.AbstractCallSite.callConstructor(AbstractCallSite.java:249)
	at com.okta.test.mock.application.ApplicationTestRunner.run(ApplicationTestRunner.groovy:79)
... Removed 31 stack frames
</div> <!-- stack-trace -->
                </div> <!-- method-content -->
              </div> <!-- method -->
              <div class="method">
                <div class="method-content">
                  <a name="respondWithCode">
                  </a> <!-- respondWithCode -->
                  <span class="method-name">respondWithCode</span>
                  <div class="stack-trace">org.testng.SkipException: Skipping the disabled test - respondWithCode
	at org.codehaus.groovy.runtime.callsite.ConstructorSite$ConstructorSiteNoUnwrapNoCoerce.callConstructor(ConstructorSite.java:105)
	at org.codehaus.groovy.runtime.callsite.AbstractCallSite.callConstructor(AbstractCallSite.java:249)
	at com.okta.test.mock.application.ApplicationTestRunner.run(ApplicationTestRunner.groovy:79)
... Removed 31 stack frames
</div> <!-- stack-trace -->
                </div> <!-- method-content -->
              </div> <!-- method -->
              <div class="method">
                <div class="method-content">
                  <a name="wrongAudienceAccessTokenJwtTest">
                  </a> <!-- wrongAudienceAccessTokenJwtTest -->
                  <span class="method-name">wrongAudienceAccessTokenJwtTest</span>
                  <div class="stack-trace">org.testng.SkipException: Skipping the disabled test - wrongAudienceAccessTokenJwtTest
	at org.codehaus.groovy.runtime.callsite.ConstructorSite$ConstructorSiteNoUnwrapNoCoerce.callConstructor(ConstructorSite.java:105)
	at org.codehaus.groovy.runtime.callsite.AbstractCallSite.callConstructor(AbstractCallSite.java:249)
	at com.okta.test.mock.application.ApplicationTestRunner.run(ApplicationTestRunner.groovy:79)
... Removed 31 stack frames
</div> <!-- stack-trace -->
                </div> <!-- method-content -->
              </div> <!-- method -->
              <div class="method">
                <div class="method-content">
                  <a name="wrongKeyIdAccessTokenJwtTest">
                  </a> <!-- wrongKeyIdAccessTokenJwtTest -->
                  <span class="method-name">wrongKeyIdAccessTokenJwtTest</span>
                  <div class="stack-trace">org.testng.SkipException: Skipping the disabled test - wrongKeyIdAccessTokenJwtTest
	at org.codehaus.groovy.runtime.callsite.ConstructorSite$ConstructorSiteNoUnwrapNoCoerce.callConstructor(ConstructorSite.java:105)
	at org.codehaus.groovy.runtime.callsite.AbstractCallSite.callConstructor(AbstractCallSite.java:249)
	at com.okta.test.mock.application.ApplicationTestRunner.run(ApplicationTestRunner.groovy:79)
... Removed 31 stack frames
</div> <!-- stack-trace -->
                </div> <!-- method-content -->
              </div> <!-- method -->
              <div class="method">
                <div class="method-content">
                  <a name="wrongStateTest">
                  </a> <!-- wrongStateTest -->
                  <span class="method-name">wrongStateTest</span>
                  <div class="stack-trace">org.testng.SkipException: Skipping the disabled test - wrongStateTest
	at org.codehaus.groovy.runtime.callsite.ConstructorSite$ConstructorSiteNoUnwrapNoCoerce.callConstructor(ConstructorSite.java:105)
	at org.codehaus.groovy.runtime.callsite.AbstractCallSite.callConstructor(AbstractCallSite.java:249)
	at com.okta.test.mock.application.ApplicationTestRunner.run(ApplicationTestRunner.groovy:79)
... Removed 31 stack frames
</div> <!-- stack-trace -->
                </div> <!-- method-content -->
              </div> <!-- method -->
            </div> <!-- main-panel-content rounded-window-bottom -->
          </div> <!-- suite-Surefire_suite-class-skipped -->
          <div class="suite-Surefire_suite-class-skipped">
            <div class="main-panel-header rounded-window-top">
              <img src="skipped.png"/>
              <span class="class-name">com.okta.test.mock.tests.OIDCCodeFlowLocalValidationIT</span>
            </div> <!-- main-panel-header rounded-window-top -->
            <div class="main-panel-content rounded-window-bottom">
              <div class="method">
                <div class="method-content">
                  <a name="expiredIdTokenJwtTest">
                  </a> <!-- expiredIdTokenJwtTest -->
                  <span class="method-name">expiredIdTokenJwtTest</span>
                  <div class="stack-trace">org.testng.SkipException: Skipping the disabled test - expiredIdTokenJwtTest
	at org.codehaus.groovy.runtime.callsite.ConstructorSite$ConstructorSiteNoUnwrapNoCoerce.callConstructor(ConstructorSite.java:105)
	at org.codehaus.groovy.runtime.callsite.AbstractCallSite.callConstructor(AbstractCallSite.java:249)
	at com.okta.test.mock.application.ApplicationTestRunner.run(ApplicationTestRunner.groovy:79)
... Removed 30 stack frames
</div> <!-- stack-trace -->
                </div> <!-- method-content -->
              </div> <!-- method -->
              <div class="method">
                <div class="method-content">
                  <a name="followRedirect">
                  </a> <!-- followRedirect -->
                  <span class="method-name">followRedirect</span>
                  <div class="stack-trace">org.testng.SkipException: Skipping the disabled test - followRedirect
	at org.codehaus.groovy.runtime.callsite.ConstructorSite$ConstructorSiteNoUnwrapNoCoerce.callConstructor(ConstructorSite.java:105)
	at org.codehaus.groovy.runtime.callsite.AbstractCallSite.callConstructor(AbstractCallSite.java:249)
	at com.okta.test.mock.application.ApplicationTestRunner.run(ApplicationTestRunner.groovy:79)
... Removed 30 stack frames
</div> <!-- stack-trace -->
                </div> <!-- method-content -->
              </div> <!-- method -->
              <div class="method">
                <div class="method-content">
                  <a name="inactiveTokenJwtTest">
                  </a> <!-- inactiveTokenJwtTest -->
                  <span class="method-name">inactiveTokenJwtTest</span>
                  <div class="stack-trace">org.testng.SkipException: Skipping the disabled test - inactiveTokenJwtTest
	at org.codehaus.groovy.runtime.callsite.ConstructorSite$ConstructorSiteNoUnwrapNoCoerce.callConstructor(ConstructorSite.java:105)
	at org.codehaus.groovy.runtime.callsite.AbstractCallSite.callConstructor(AbstractCallSite.java:249)
	at com.okta.test.mock.application.ApplicationTestRunner.run(ApplicationTestRunner.groovy:79)
... Removed 30 stack frames
</div> <!-- stack-trace -->
                </div> <!-- method-content -->
              </div> <!-- method -->
              <div class="method">
                <div class="method-content">
                  <a name="invalidIssuerIdTokenJwtTest">
                  </a> <!-- invalidIssuerIdTokenJwtTest -->
                  <span class="method-name">invalidIssuerIdTokenJwtTest</span>
                  <div class="stack-trace">org.testng.SkipException: Skipping the disabled test - invalidIssuerIdTokenJwtTest
	at org.codehaus.groovy.runtime.callsite.ConstructorSite$ConstructorSiteNoUnwrapNoCoerce.callConstructor(ConstructorSite.java:105)
	at org.codehaus.groovy.runtime.callsite.AbstractCallSite.callConstructor(AbstractCallSite.java:249)
	at com.okta.test.mock.application.ApplicationTestRunner.run(ApplicationTestRunner.groovy:79)
... Removed 30 stack frames
</div> <!-- stack-trace -->
                </div> <!-- method-content -->
              </div> <!-- method -->
              <div class="method">
                <div class="method-content">
                  <a name="invalidSignatureIdTokenJwtTest">
                  </a> <!-- invalidSignatureIdTokenJwtTest -->
                  <span class="method-name">invalidSignatureIdTokenJwtTest</span>
                  <div class="stack-trace">org.testng.SkipException: Skipping the disabled test - invalidSignatureIdTokenJwtTest
	at org.codehaus.groovy.runtime.callsite.ConstructorSite$ConstructorSiteNoUnwrapNoCoerce.callConstructor(ConstructorSite.java:105)
	at org.codehaus.groovy.runtime.callsite.AbstractCallSite.callConstructor(AbstractCallSite.java:249)
	at com.okta.test.mock.application.ApplicationTestRunner.run(ApplicationTestRunner.groovy:79)
... Removed 30 stack frames
</div> <!-- stack-trace -->
                </div> <!-- method-content -->
              </div> <!-- method -->
              <div class="method">
                <div class="method-content">
                  <a name="issuedInFutureIdTokenJwtTest">
                  </a> <!-- issuedInFutureIdTokenJwtTest -->
                  <span class="method-name">issuedInFutureIdTokenJwtTest</span>
                  <div class="stack-trace">org.testng.SkipException: Skipping the disabled test - issuedInFutureIdTokenJwtTest
	at org.codehaus.groovy.runtime.callsite.ConstructorSite$ConstructorSiteNoUnwrapNoCoerce.callConstructor(ConstructorSite.java:105)
	at org.codehaus.groovy.runtime.callsite.AbstractCallSite.callConstructor(AbstractCallSite.java:249)
	at com.okta.test.mock.application.ApplicationTestRunner.run(ApplicationTestRunner.groovy:79)
... Removed 30 stack frames
</div> <!-- stack-trace -->
                </div> <!-- method-content -->
              </div> <!-- method -->
              <div class="method">
                <div class="method-content">
                  <a name="noAuthCodeTest">
                  </a> <!-- noAuthCodeTest -->
                  <span class="method-name">noAuthCodeTest</span>
                  <div class="stack-trace">org.testng.SkipException: Skipping the disabled test - noAuthCodeTest
	at org.codehaus.groovy.runtime.callsite.ConstructorSite$ConstructorSiteNoUnwrapNoCoerce.callConstructor(ConstructorSite.java:105)
	at org.codehaus.groovy.runtime.callsite.AbstractCallSite.callConstructor(AbstractCallSite.java:249)
	at com.okta.test.mock.application.ApplicationTestRunner.run(ApplicationTestRunner.groovy:79)
... Removed 30 stack frames
</div> <!-- stack-trace -->
                </div> <!-- method-content -->
              </div> <!-- method -->
              <div class="method">
                <div class="method-content">
                  <a name="respondWithCode">
                  </a> <!-- respondWithCode -->
                  <span class="method-name">respondWithCode</span>
                  <div class="stack-trace">org.testng.SkipException: Skipping the disabled test - respondWithCode
	at org.codehaus.groovy.runtime.callsite.ConstructorSite$ConstructorSiteNoUnwrapNoCoerce.callConstructor(ConstructorSite.java:105)
	at org.codehaus.groovy.runtime.callsite.AbstractCallSite.callConstructor(AbstractCallSite.java:249)
	at com.okta.test.mock.application.ApplicationTestRunner.run(ApplicationTestRunner.groovy:79)
... Removed 30 stack frames
</div> <!-- stack-trace -->
                </div> <!-- method-content -->
              </div> <!-- method -->
              <div class="method">
                <div class="method-content">
                  <a name="unsignedIdTokenJwtTest">
                  </a> <!-- unsignedIdTokenJwtTest -->
                  <span class="method-name">unsignedIdTokenJwtTest</span>
                  <div class="stack-trace">org.testng.SkipException: Skipping the disabled test - unsignedIdTokenJwtTest
	at org.codehaus.groovy.runtime.callsite.ConstructorSite$ConstructorSiteNoUnwrapNoCoerce.callConstructor(ConstructorSite.java:105)
	at org.codehaus.groovy.runtime.callsite.AbstractCallSite.callConstructor(AbstractCallSite.java:249)
	at com.okta.test.mock.application.ApplicationTestRunner.run(ApplicationTestRunner.groovy:79)
... Removed 30 stack frames
</div> <!-- stack-trace -->
                </div> <!-- method-content -->
              </div> <!-- method -->
              <div class="method">
                <div class="method-content">
                  <a name="wrongAudienceIdTokenJwtTest">
                  </a> <!-- wrongAudienceIdTokenJwtTest -->
                  <span class="method-name">wrongAudienceIdTokenJwtTest</span>
                  <div class="stack-trace">org.testng.SkipException: Skipping the disabled test - wrongAudienceIdTokenJwtTest
	at org.codehaus.groovy.runtime.callsite.ConstructorSite$ConstructorSiteNoUnwrapNoCoerce.callConstructor(ConstructorSite.java:105)
	at org.codehaus.groovy.runtime.callsite.AbstractCallSite.callConstructor(AbstractCallSite.java:249)
	at com.okta.test.mock.application.ApplicationTestRunner.run(ApplicationTestRunner.groovy:79)
... Removed 30 stack frames
</div> <!-- stack-trace -->
                </div> <!-- method-content -->
              </div> <!-- method -->
              <div class="method">
                <div class="method-content">
                  <a name="wrongKeyIdIdTokenJwtTest">
                  </a> <!-- wrongKeyIdIdTokenJwtTest -->
                  <span class="method-name">wrongKeyIdIdTokenJwtTest</span>
                  <div class="stack-trace">org.testng.SkipException: Skipping the disabled test - wrongKeyIdIdTokenJwtTest
	at org.codehaus.groovy.runtime.callsite.ConstructorSite$ConstructorSiteNoUnwrapNoCoerce.callConstructor(ConstructorSite.java:105)
	at org.codehaus.groovy.runtime.callsite.AbstractCallSite.callConstructor(AbstractCallSite.java:249)
	at com.okta.test.mock.application.ApplicationTestRunner.run(ApplicationTestRunner.groovy:79)
... Removed 30 stack frames
</div> <!-- stack-trace -->
                </div> <!-- method-content -->
              </div> <!-- method -->
              <div class="method">
                <div class="method-content">
                  <a name="wrongStateTest">
                  </a> <!-- wrongStateTest -->
                  <span class="method-name">wrongStateTest</span>
                  <div class="stack-trace">org.testng.SkipException: Skipping the disabled test - wrongStateTest
	at org.codehaus.groovy.runtime.callsite.ConstructorSite$ConstructorSiteNoUnwrapNoCoerce.callConstructor(ConstructorSite.java:105)
	at org.codehaus.groovy.runtime.callsite.AbstractCallSite.callConstructor(AbstractCallSite.java:249)
	at com.okta.test.mock.application.ApplicationTestRunner.run(ApplicationTestRunner.groovy:79)
... Removed 30 stack frames
</div> <!-- stack-trace -->
                </div> <!-- method-content -->
              </div> <!-- method -->
            </div> <!-- main-panel-content rounded-window-bottom -->
          </div> <!-- suite-Surefire_suite-class-skipped -->
          <div class="suite-Surefire_suite-class-skipped">
            <div class="main-panel-header rounded-window-top">
              <img src="skipped.png"/>
              <span class="class-name">com.okta.test.mock.tests.CustomLoginCodeFlowRemoteValidationIT</span>
            </div> <!-- main-panel-header rounded-window-top -->
            <div class="main-panel-content rounded-window-bottom">
              <div class="method">
                <div class="method-content">
                  <a name="followRedirect">
                  </a> <!-- followRedirect -->
                  <span class="method-name">followRedirect</span>
                </div> <!-- method-content -->
              </div> <!-- method -->
              <div class="method">
                <div class="method-content">
                  <a name="respondWithCode">
                  </a> <!-- respondWithCode -->
                  <span class="method-name">respondWithCode</span>
                </div> <!-- method-content -->
              </div> <!-- method -->
            </div> <!-- main-panel-content rounded-window-bottom -->
          </div> <!-- suite-Surefire_suite-class-skipped -->
          <div class="suite-Surefire_suite-class-skipped">
            <div class="main-panel-header rounded-window-top">
              <img src="skipped.png"/>
              <span class="class-name">com.okta.test.mock.tests.CustomLoginCodeFlowLocalValidationIT</span>
            </div> <!-- main-panel-header rounded-window-top -->
            <div class="main-panel-content rounded-window-bottom">
              <div class="method">
                <div class="method-content">
                  <a name="followRedirect">
                  </a> <!-- followRedirect -->
                  <span class="method-name">followRedirect</span>
                  <div class="stack-trace">org.testng.SkipException: Skipping the disabled test - followRedirect
	at org.codehaus.groovy.runtime.callsite.ConstructorSite$ConstructorSiteNoUnwrapNoCoerce.callConstructor(ConstructorSite.java:105)
	at org.codehaus.groovy.runtime.callsite.AbstractCallSite.callConstructor(AbstractCallSite.java:249)
	at com.okta.test.mock.application.ApplicationTestRunner.run(ApplicationTestRunner.groovy:79)
... Removed 31 stack frames
</div> <!-- stack-trace -->
                </div> <!-- method-content -->
              </div> <!-- method -->
              <div class="method">
                <div class="method-content">
                  <a name="invalidSignatureAccessTokenJwtTest">
                  </a> <!-- invalidSignatureAccessTokenJwtTest -->
                  <span class="method-name">invalidSignatureAccessTokenJwtTest</span>
                  <div class="stack-trace">org.testng.SkipException: Skipping the disabled test - invalidSignatureAccessTokenJwtTest
	at org.codehaus.groovy.runtime.callsite.ConstructorSite$ConstructorSiteNoUnwrapNoCoerce.callConstructor(ConstructorSite.java:105)
	at org.codehaus.groovy.runtime.callsite.AbstractCallSite.callConstructor(AbstractCallSite.java:249)
	at com.okta.test.mock.application.ApplicationTestRunner.run(ApplicationTestRunner.groovy:79)
... Removed 31 stack frames
</div> <!-- stack-trace -->
                </div> <!-- method-content -->
              </div> <!-- method -->
              <div class="method">
                <div class="method-content">
                  <a name="noAuthCodeTest">
                  </a> <!-- noAuthCodeTest -->
                  <span class="method-name">noAuthCodeTest</span>
                  <div class="stack-trace">org.testng.SkipException: Skipping the disabled test - noAuthCodeTest
	at org.codehaus.groovy.runtime.callsite.ConstructorSite$ConstructorSiteNoUnwrapNoCoerce.callConstructor(ConstructorSite.java:105)
	at org.codehaus.groovy.runtime.callsite.AbstractCallSite.callConstructor(AbstractCallSite.java:249)
	at com.okta.test.mock.application.ApplicationTestRunner.run(ApplicationTestRunner.groovy:79)
... Removed 31 stack frames
</div> <!-- stack-trace -->
                </div> <!-- method-content -->
              </div> <!-- method -->
              <div class="method">
                <div class="method-content">
                  <a name="redirectToLogin">
                  </a> <!-- redirectToLogin -->
                  <span class="method-name">redirectToLogin</span>
                  <div class="stack-trace">org.testng.SkipException: Skipping the disabled test - redirectToLogin
	at org.codehaus.groovy.runtime.callsite.ConstructorSite$ConstructorSiteNoUnwrapNoCoerce.callConstructor(ConstructorSite.java:105)
	at org.codehaus.groovy.runtime.callsite.AbstractCallSite.callConstructor(AbstractCallSite.java:249)
	at com.okta.test.mock.application.ApplicationTestRunner.run(ApplicationTestRunner.groovy:79)
... Removed 31 stack frames
</div> <!-- stack-trace -->
                </div> <!-- method-content -->
              </div> <!-- method -->
              <div class="method">
                <div class="method-content">
                  <a name="respondWithCode">
                  </a> <!-- respondWithCode -->
                  <span class="method-name">respondWithCode</span>
                  <div class="stack-trace">org.testng.SkipException: Skipping the disabled test - respondWithCode
	at org.codehaus.groovy.runtime.callsite.ConstructorSite$ConstructorSiteNoUnwrapNoCoerce.callConstructor(ConstructorSite.java:105)
	at org.codehaus.groovy.runtime.callsite.AbstractCallSite.callConstructor(AbstractCallSite.java:249)
	at com.okta.test.mock.application.ApplicationTestRunner.run(ApplicationTestRunner.groovy:79)
... Removed 31 stack frames
</div> <!-- stack-trace -->
                </div> <!-- method-content -->
              </div> <!-- method -->
              <div class="method">
                <div class="method-content">
                  <a name="wrongAudienceAccessTokenJwtTest">
                  </a> <!-- wrongAudienceAccessTokenJwtTest -->
                  <span class="method-name">wrongAudienceAccessTokenJwtTest</span>
                  <div class="stack-trace">org.testng.SkipException: Skipping the disabled test - wrongAudienceAccessTokenJwtTest
	at org.codehaus.groovy.runtime.callsite.ConstructorSite$ConstructorSiteNoUnwrapNoCoerce.callConstructor(ConstructorSite.java:105)
	at org.codehaus.groovy.runtime.callsite.AbstractCallSite.callConstructor(AbstractCallSite.java:249)
	at com.okta.test.mock.application.ApplicationTestRunner.run(ApplicationTestRunner.groovy:79)
... Removed 31 stack frames
</div> <!-- stack-trace -->
                </div> <!-- method-content -->
              </div> <!-- method -->
              <div class="method">
                <div class="method-content">
                  <a name="wrongKeyIdAccessTokenJwtTest">
                  </a> <!-- wrongKeyIdAccessTokenJwtTest -->
                  <span class="method-name">wrongKeyIdAccessTokenJwtTest</span>
                  <div class="stack-trace">org.testng.SkipException: Skipping the disabled test - wrongKeyIdAccessTokenJwtTest
	at org.codehaus.groovy.runtime.callsite.ConstructorSite$ConstructorSiteNoUnwrapNoCoerce.callConstructor(ConstructorSite.java:105)
	at org.codehaus.groovy.runtime.callsite.AbstractCallSite.callConstructor(AbstractCallSite.java:249)
	at com.okta.test.mock.application.ApplicationTestRunner.run(ApplicationTestRunner.groovy:79)
... Removed 30 stack frames
</div> <!-- stack-trace -->
                </div> <!-- method-content -->
              </div> <!-- method -->
              <div class="method">
                <div class="method-content">
                  <a name="wrongStateTest">
                  </a> <!-- wrongStateTest -->
                  <span class="method-name">wrongStateTest</span>
                  <div class="stack-trace">org.testng.SkipException: Skipping the disabled test - wrongStateTest
	at org.codehaus.groovy.runtime.callsite.ConstructorSite$ConstructorSiteNoUnwrapNoCoerce.callConstructor(ConstructorSite.java:105)
	at org.codehaus.groovy.runtime.callsite.AbstractCallSite.callConstructor(AbstractCallSite.java:249)
	at com.okta.test.mock.application.ApplicationTestRunner.run(ApplicationTestRunner.groovy:79)
... Removed 30 stack frames
</div> <!-- stack-trace -->
                </div> <!-- method-content -->
              </div> <!-- method -->
            </div> <!-- main-panel-content rounded-window-bottom -->
          </div> <!-- suite-Surefire_suite-class-skipped -->
          <div class="suite-Surefire_suite-class-skipped">
            <div class="main-panel-header rounded-window-top">
              <img src="skipped.png"/>
              <span class="class-name">com.okta.test.mock.tests.ImplicitLocalValidationIT</span>
            </div> <!-- main-panel-header rounded-window-top -->
            <div class="main-panel-content rounded-window-bottom">
              <div class="method">
                <div class="method-content">
                  <a name="accessKeyNonTrustedKeyTest">
                  </a> <!-- accessKeyNonTrustedKeyTest -->
                  <span class="method-name">accessKeyNonTrustedKeyTest</span>
                </div> <!-- method-content -->
              </div> <!-- method -->
              <div class="method">
                <div class="method-content">
                  <a name="inactiveAccessTokenTest">
                  </a> <!-- inactiveAccessTokenTest -->
                  <span class="method-name">inactiveAccessTokenTest</span>
                </div> <!-- method-content -->
              </div> <!-- method -->
              <div class="method">
                <div class="method-content">
                  <a name="noToken401Test">
                  </a> <!-- noToken401Test -->
                  <span class="method-name">noToken401Test</span>
                </div> <!-- method-content -->
              </div> <!-- method -->
              <div class="method">
                <div class="method-content">
                  <a name="nonJWTAccessKeyTest">
                  </a> <!-- nonJWTAccessKeyTest -->
                  <span class="method-name">nonJWTAccessKeyTest</span>
                </div> <!-- method-content -->
              </div> <!-- method -->
              <div class="method">
                <div class="method-content">
                  <a name="scopeAccessTokenTest">
                  </a> <!-- scopeAccessTokenTest -->
                  <span class="method-name">scopeAccessTokenTest</span>
                </div> <!-- method-content -->
              </div> <!-- method -->
              <div class="method">
                <div class="method-content">
                  <a name="wrongAudienceAccessTokenTest">
                  </a> <!-- wrongAudienceAccessTokenTest -->
                  <span class="method-name">wrongAudienceAccessTokenTest</span>
                </div> <!-- method-content -->
              </div> <!-- method -->
              <div class="method">
                <div class="method-content">
                  <a name="wrongScopeAccessTokenTest">
                  </a> <!-- wrongScopeAccessTokenTest -->
                  <span class="method-name">wrongScopeAccessTokenTest</span>
                </div> <!-- method-content -->
              </div> <!-- method -->
            </div> <!-- main-panel-content rounded-window-bottom -->
          </div> <!-- suite-Surefire_suite-class-skipped -->
          <div class="suite-Surefire_suite-class-skipped">
            <div class="main-panel-header rounded-window-top">
              <img src="skipped.png"/>
              <span class="class-name">com.okta.test.mock.tests.CodeFlowRemoteValidationIT</span>
            </div> <!-- main-panel-header rounded-window-top -->
            <div class="main-panel-content rounded-window-bottom">
              <div class="method">
                <div class="method-content">
                  <a name="followRedirect">
                  </a> <!-- followRedirect -->
                  <span class="method-name">followRedirect</span>
                  <div class="stack-trace">org.testng.SkipException: Skipping the disabled test - followRedirect
	at org.codehaus.groovy.runtime.callsite.ConstructorSite$ConstructorSiteNoUnwrapNoCoerce.callConstructor(ConstructorSite.java:105)
	at org.codehaus.groovy.runtime.callsite.AbstractCallSite.callConstructor(AbstractCallSite.java:249)
	at com.okta.test.mock.application.ApplicationTestRunner.run(ApplicationTestRunner.groovy:79)
... Removed 30 stack frames
</div> <!-- stack-trace -->
                </div> <!-- method-content -->
              </div> <!-- method -->
              <div class="method">
                <div class="method-content">
                  <a name="respondWithCode">
                  </a> <!-- respondWithCode -->
                  <span class="method-name">respondWithCode</span>
                  <div class="stack-trace">org.testng.SkipException: Skipping the disabled test - respondWithCode
	at org.codehaus.groovy.runtime.callsite.ConstructorSite$ConstructorSiteNoUnwrapNoCoerce.callConstructor(ConstructorSite.java:105)
	at org.codehaus.groovy.runtime.callsite.AbstractCallSite.callConstructor(AbstractCallSite.java:249)
	at com.okta.test.mock.application.ApplicationTestRunner.run(ApplicationTestRunner.groovy:79)
... Removed 30 stack frames
</div> <!-- stack-trace -->
                </div> <!-- method-content -->
              </div> <!-- method -->
            </div> <!-- main-panel-content rounded-window-bottom -->
          </div> <!-- suite-Surefire_suite-class-skipped -->
          <div class="suite-Surefire_suite-class-skipped">
            <div class="main-panel-header rounded-window-top">
              <img src="skipped.png"/>
              <span class="class-name">com.okta.test.mock.tests.ImplicitRemoteValidationIT</span>
            </div> <!-- main-panel-header rounded-window-top -->
            <div class="main-panel-content rounded-window-bottom">
              <div class="method">
                <div class="method-content">
                  <a name="noToken401">
                  </a> <!-- noToken401 -->
                  <span class="method-name">noToken401</span>
                  <div class="stack-trace">org.testng.SkipException: Skipping the disabled test - noToken401
	at org.codehaus.groovy.runtime.callsite.ConstructorSite$ConstructorSiteNoUnwrapNoCoerce.callConstructor(ConstructorSite.java:105)
	at org.codehaus.groovy.runtime.callsite.CallSiteArray.defaultCallConstructor(CallSiteArray.java:59)
	at org.codehaus.groovy.runtime.callsite.AbstractCallSite.callConstructor(AbstractCallSite.java:237)
	at org.codehaus.groovy.runtime.callsite.AbstractCallSite.callConstructor(AbstractCallSite.java:249)
	at com.okta.test.mock.application.ApplicationTestRunner.run(ApplicationTestRunner.groovy:79)
... Removed 31 stack frames
</div> <!-- stack-trace -->
                </div> <!-- method-content -->
              </div> <!-- method -->
              <div class="method">
                <div class="method-content">
                  <a name="scopeAccessTest">
                  </a> <!-- scopeAccessTest -->
                  <span class="method-name">scopeAccessTest</span>
                  <div class="stack-trace">org.testng.SkipException: Skipping the disabled test - scopeAccessTest
	at org.codehaus.groovy.runtime.callsite.ConstructorSite$ConstructorSiteNoUnwrapNoCoerce.callConstructor(ConstructorSite.java:105)
	at org.codehaus.groovy.runtime.callsite.AbstractCallSite.callConstructor(AbstractCallSite.java:249)
	at com.okta.test.mock.application.ApplicationTestRunner.run(ApplicationTestRunner.groovy:79)
... Removed 31 stack frames
</div> <!-- stack-trace -->
                </div> <!-- method-content -->
              </div> <!-- method -->
            </div> <!-- main-panel-content rounded-window-bottom -->
          </div> <!-- suite-Surefire_suite-class-skipped -->
        </div> <!-- panel Surefire_suite -->
        <div panel-name="test-xml-Surefire_suite" class="panel">
          <div class="main-panel-header rounded-window-top">
          </div> <!-- main-panel-header rounded-window-top -->
          <div class="main-panel-content rounded-window-bottom">
            <pre>
&lt;?xml version=&quot;1.0&quot; encoding=&quot;UTF-8&quot;?&gt;
&lt;!DOCTYPE suite SYSTEM &quot;http://testng.org/testng-1.0.dtd&quot;&gt;
&lt;suite thread-count=&quot;1&quot; name=&quot;Surefire suite&quot; verbose=&quot;0&quot;&gt;
  &lt;test name=&quot;Surefire test&quot;&gt;
    &lt;classes&gt;
      &lt;class name=&quot;com.okta.test.mock.tests.ImplicitRemoteValidationIT&quot;/&gt;
      &lt;class name=&quot;com.okta.test.mock.tests.CodeFlowLocalValidationIT&quot;/&gt;
      &lt;class name=&quot;com.okta.test.mock.tests.CustomLoginCodeFlowLocalValidationIT&quot;/&gt;
      &lt;class name=&quot;com.okta.test.mock.tests.CodeFlowRemoteValidationIT&quot;/&gt;
      &lt;class name=&quot;com.okta.test.mock.tests.OIDCCodeFlowLocalValidationIT&quot;/&gt;
      &lt;class name=&quot;com.okta.test.mock.tests.ImplicitLocalValidationIT&quot;/&gt;
      &lt;class name=&quot;com.okta.test.mock.tests.CustomLoginCodeFlowRemoteValidationIT&quot;/&gt;
    &lt;/classes&gt;
  &lt;/test&gt; &lt;!-- Surefire test --&gt;
  &lt;test name=&quot;Surefire test(failed)&quot;&gt;
    &lt;classes&gt;
      &lt;class name=&quot;com.okta.test.mock.tests.CodeFlowLocalValidationIT&quot;&gt;
        &lt;methods&gt;
          &lt;include name=&quot;wrongStateTest&quot;/&gt;
          &lt;include name=&quot;stop&quot;/&gt;
          &lt;include name=&quot;followRedirect&quot;/&gt;
          &lt;include name=&quot;redirectToLogin&quot;/&gt;
          &lt;include name=&quot;start&quot;/&gt;
          &lt;include name=&quot;respondWithCode&quot;/&gt;
          &lt;include name=&quot;invalidSignatureAccessTokenJwtTest&quot;/&gt;
          &lt;include name=&quot;wrongAudienceAccessTokenJwtTest&quot;/&gt;
          &lt;include name=&quot;stopMockServer&quot;/&gt;
          &lt;include name=&quot;noAuthCodeTest&quot;/&gt;
          &lt;include name=&quot;wrongKeyIdAccessTokenJwtTest&quot;/&gt;
        &lt;/methods&gt;
      &lt;/class&gt; &lt;!-- com.okta.test.mock.tests.CodeFlowLocalValidationIT --&gt;
      &lt;class name=&quot;com.okta.test.mock.tests.OIDCCodeFlowLocalValidationIT&quot;&gt;
        &lt;methods&gt;
          &lt;include name=&quot;wrongAudienceIdTokenJwtTest&quot;/&gt;
          &lt;include name=&quot;invalidIssuerIdTokenJwtTest&quot;/&gt;
          &lt;include name=&quot;followRedirect&quot;/&gt;
          &lt;include name=&quot;wrongStateTest&quot;/&gt;
          &lt;include name=&quot;stop&quot;/&gt;
          &lt;include name=&quot;respondWithCode&quot;/&gt;
          &lt;include name=&quot;expiredIdTokenJwtTest&quot;/&gt;
          &lt;include name=&quot;stopMockServer&quot;/&gt;
          &lt;include name=&quot;issuedInFutureIdTokenJwtTest&quot;/&gt;
          &lt;include name=&quot;invalidSignatureIdTokenJwtTest&quot;/&gt;
          &lt;include name=&quot;noAuthCodeTest&quot;/&gt;
          &lt;include name=&quot;wrongKeyIdIdTokenJwtTest&quot;/&gt;
          &lt;include name=&quot;start&quot;/&gt;
          &lt;include name=&quot;unsignedIdTokenJwtTest&quot;/&gt;
          &lt;include name=&quot;inactiveTokenJwtTest&quot;/&gt;
        &lt;/methods&gt;
      &lt;/class&gt; &lt;!-- com.okta.test.mock.tests.OIDCCodeFlowLocalValidationIT --&gt;
      &lt;class name=&quot;com.okta.test.mock.tests.CustomLoginCodeFlowRemoteValidationIT&quot;&gt;
        &lt;methods&gt;
          &lt;include name=&quot;respondWithCode&quot;/&gt;
          &lt;include name=&quot;followRedirect&quot;/&gt;
        &lt;/methods&gt;
      &lt;/class&gt; &lt;!-- com.okta.test.mock.tests.CustomLoginCodeFlowRemoteValidationIT --&gt;
      &lt;class name=&quot;com.okta.test.mock.tests.CustomLoginCodeFlowLocalValidationIT&quot;&gt;
        &lt;methods&gt;
          &lt;include name=&quot;wrongStateTest&quot;/&gt;
          &lt;include name=&quot;stop&quot;/&gt;
          &lt;include name=&quot;followRedirect&quot;/&gt;
          &lt;include name=&quot;redirectToLogin&quot;/&gt;
          &lt;include name=&quot;start&quot;/&gt;
          &lt;include name=&quot;respondWithCode&quot;/&gt;
          &lt;include name=&quot;invalidSignatureAccessTokenJwtTest&quot;/&gt;
          &lt;include name=&quot;wrongAudienceAccessTokenJwtTest&quot;/&gt;
          &lt;include name=&quot;stopMockServer&quot;/&gt;
          &lt;include name=&quot;noAuthCodeTest&quot;/&gt;
          &lt;include name=&quot;wrongKeyIdAccessTokenJwtTest&quot;/&gt;
        &lt;/methods&gt;
      &lt;/class&gt; &lt;!-- com.okta.test.mock.tests.CustomLoginCodeFlowLocalValidationIT --&gt;
      &lt;class name=&quot;com.okta.test.mock.tests.ImplicitLocalValidationIT&quot;&gt;
        &lt;methods&gt;
          &lt;include name=&quot;accessKeyNonTrustedKeyTest&quot;/&gt;
          &lt;include name=&quot;scopeAccessTokenTest&quot;/&gt;
          &lt;include name=&quot;inactiveAccessTokenTest&quot;/&gt;
          &lt;include name=&quot;nonJWTAccessKeyTest&quot;/&gt;
          &lt;include name=&quot;wrongScopeAccessTokenTest&quot;/&gt;
          &lt;include name=&quot;start&quot;/&gt;
          &lt;include name=&quot;noToken401Test&quot;/&gt;
          &lt;include name=&quot;wrongAudienceAccessTokenTest&quot;/&gt;
        &lt;/methods&gt;
      &lt;/class&gt; &lt;!-- com.okta.test.mock.tests.ImplicitLocalValidationIT --&gt;
      &lt;class name=&quot;com.okta.test.mock.tests.CodeFlowRemoteValidationIT&quot;&gt;
        &lt;methods&gt;
          &lt;include name=&quot;stop&quot;/&gt;
          &lt;include name=&quot;respondWithCode&quot;/&gt;
          &lt;include name=&quot;start&quot;/&gt;
          &lt;include name=&quot;followRedirect&quot;/&gt;
          &lt;include name=&quot;stopMockServer&quot;/&gt;
        &lt;/methods&gt;
      &lt;/class&gt; &lt;!-- com.okta.test.mock.tests.CodeFlowRemoteValidationIT --&gt;
      &lt;class name=&quot;com.okta.test.mock.tests.ImplicitRemoteValidationIT&quot;&gt;
        &lt;methods&gt;
          &lt;include name=&quot;stop&quot;/&gt;
          &lt;include name=&quot;start&quot;/&gt;
          &lt;include name=&quot;scopeAccessTest&quot;/&gt;
          &lt;include name=&quot;stopMockServer&quot;/&gt;
          &lt;include name=&quot;noToken401&quot;/&gt;
        &lt;/methods&gt;
      &lt;/class&gt; &lt;!-- com.okta.test.mock.tests.ImplicitRemoteValidationIT --&gt;
    &lt;/classes&gt;
  &lt;/test&gt; &lt;!-- Surefire test(failed) --&gt;
&lt;/suite&gt; &lt;!-- Surefire suite --&gt;
            </pre>
          </div> <!-- main-panel-content rounded-window-bottom -->
        </div> <!-- panel -->
        <div panel-name="testlist-Surefire_suite" class="panel">
          <div class="main-panel-header rounded-window-top">
            <span class="header-content">Tests for Surefire suite</span>
          </div> <!-- main-panel-header rounded-window-top -->
          <div class="main-panel-content rounded-window-bottom">
            <ul>
              <li>
                <span class="test-name">Surefire test (7 classes)</span>
              </li>
              <li>
                <span class="test-name">Surefire test(failed) (7 classes)</span>
              </li>
            </ul>
          </div> <!-- main-panel-content rounded-window-bottom -->
        </div> <!-- panel -->
        <div panel-name="group-Surefire_suite" class="panel">
          <div class="main-panel-header rounded-window-top">
            <span class="header-content">Groups for Surefire suite</span>
          </div> <!-- main-panel-header rounded-window-top -->
          <div class="main-panel-content rounded-window-bottom">
          </div> <!-- main-panel-content rounded-window-bottom -->
        </div> <!-- panel -->
        <div panel-name="times-Surefire_suite" class="panel">
          <div class="main-panel-header rounded-window-top">
            <span class="header-content">Times for Surefire suite</span>
          </div> <!-- main-panel-header rounded-window-top -->
          <div class="main-panel-content rounded-window-bottom">
            <div class="times-div">
              <script type="text/javascript">
suiteTableInitFunctions.push('tableData_Surefire_suite');
function tableData_Surefire_suite() {
var data = new google.visualization.DataTable();
data.addColumn('number', 'Number');
data.addColumn('string', 'Method');
data.addColumn('string', 'Class');
data.addColumn('number', 'Time (ms)');
data.addRows(41);
data.setCell(0, 0, 0)
data.setCell(0, 1, 'noToken401')
data.setCell(0, 2, 'com.okta.test.mock.tests.ImplicitRemoteValidationIT')
data.setCell(0, 3, 20);
data.setCell(1, 0, 1)
data.setCell(1, 1, 'wrongAudienceAccessTokenJwtTest')
data.setCell(1, 2, 'com.okta.test.mock.tests.CodeFlowLocalValidationIT')
data.setCell(1, 3, 1);
data.setCell(2, 0, 2)
data.setCell(2, 1, 'respondWithCode')
data.setCell(2, 2, 'com.okta.test.mock.tests.OIDCCodeFlowLocalValidationIT')
data.setCell(2, 3, 1);
data.setCell(3, 0, 3)
data.setCell(3, 1, 'noAuthCodeTest')
data.setCell(3, 2, 'com.okta.test.mock.tests.CodeFlowLocalValidationIT')
data.setCell(3, 3, 1);
data.setCell(4, 0, 4)
data.setCell(4, 1, 'wrongAudienceAccessTokenJwtTest')
data.setCell(4, 2, 'com.okta.test.mock.tests.CustomLoginCodeFlowLocalValidationIT')
data.setCell(4, 3, 1);
data.setCell(5, 0, 5)
data.setCell(5, 1, 'expiredIdTokenJwtTest')
data.setCell(5, 2, 'com.okta.test.mock.tests.OIDCCodeFlowLocalValidationIT')
data.setCell(5, 3, 1);
data.setCell(6, 0, 6)
data.setCell(6, 1, 'invalidSignatureIdTokenJwtTest')
data.setCell(6, 2, 'com.okta.test.mock.tests.OIDCCodeFlowLocalValidationIT')
data.setCell(6, 3, 1);
data.setCell(7, 0, 7)
data.setCell(7, 1, 'accessKeyNonTrustedKeyTest')
data.setCell(7, 2, 'com.okta.test.mock.tests.ImplicitLocalValidationIT')
data.setCell(7, 3, 1);
data.setCell(8, 0, 8)
data.setCell(8, 1, 'scopeAccessTest')
data.setCell(8, 2, 'com.okta.test.mock.tests.ImplicitRemoteValidationIT')
data.setCell(8, 3, 1);
data.setCell(9, 0, 9)
data.setCell(9, 1, 'invalidSignatureAccessTokenJwtTest')
data.setCell(9, 2, 'com.okta.test.mock.tests.CodeFlowLocalValidationIT')
data.setCell(9, 3, 0);
data.setCell(10, 0, 10)
data.setCell(10, 1, 'followRedirect')
data.setCell(10, 2, 'com.okta.test.mock.tests.CustomLoginCodeFlowRemoteValidationIT')
data.setCell(10, 3, 0);
data.setCell(11, 0, 11)
data.setCell(11, 1, 'respondWithCode')
data.setCell(11, 2, 'com.okta.test.mock.tests.CodeFlowLocalValidationIT')
data.setCell(11, 3, 0);
data.setCell(12, 0, 12)
data.setCell(12, 1, 'followRedirect')
data.setCell(12, 2, 'com.okta.test.mock.tests.OIDCCodeFlowLocalValidationIT')
data.setCell(12, 3, 0);
data.setCell(13, 0, 13)
data.setCell(13, 1, 'noToken401Test')
data.setCell(13, 2, 'com.okta.test.mock.tests.ImplicitLocalValidationIT')
data.setCell(13, 3, 0);
data.setCell(14, 0, 14)
data.setCell(14, 1, 'invalidSignatureAccessTokenJwtTest')
data.setCell(14, 2, 'com.okta.test.mock.tests.CustomLoginCodeFlowLocalValidationIT')
data.setCell(14, 3, 0);
data.setCell(15, 0, 15)
data.setCell(15, 1, 'respondWithCode')
data.setCell(15, 2, 'com.okta.test.mock.tests.CustomLoginCodeFlowLocalValidationIT')
data.setCell(15, 3, 0);
data.setCell(16, 0, 16)
data.setCell(16, 1, 'issuedInFutureIdTokenJwtTest')
data.setCell(16, 2, 'com.okta.test.mock.tests.OIDCCodeFlowLocalValidationIT')
data.setCell(16, 3, 0);
data.setCell(17, 0, 17)
data.setCell(17, 1, 'wrongScopeAccessTokenTest')
data.setCell(17, 2, 'com.okta.test.mock.tests.ImplicitLocalValidationIT')
data.setCell(17, 3, 0);
data.setCell(18, 0, 18)
data.setCell(18, 1, 'wrongKeyIdIdTokenJwtTest')
data.setCell(18, 2, 'com.okta.test.mock.tests.OIDCCodeFlowLocalValidationIT')
data.setCell(18, 3, 0);
data.setCell(19, 0, 19)
data.setCell(19, 1, 'wrongAudienceIdTokenJwtTest')
data.setCell(19, 2, 'com.okta.test.mock.tests.OIDCCodeFlowLocalValidationIT')
data.setCell(19, 3, 0);
data.setCell(20, 0, 20)
data.setCell(20, 1, 'unsignedIdTokenJwtTest')
data.setCell(20, 2, 'com.okta.test.mock.tests.OIDCCodeFlowLocalValidationIT')
data.setCell(20, 3, 0);
data.setCell(21, 0, 21)
data.setCell(21, 1, 'inactiveAccessTokenTest')
data.setCell(21, 2, 'com.okta.test.mock.tests.ImplicitLocalValidationIT')
data.setCell(21, 3, 0);
data.setCell(22, 0, 22)
data.setCell(22, 1, 'followRedirect')
data.setCell(22, 2, 'com.okta.test.mock.tests.CodeFlowLocalValidationIT')
data.setCell(22, 3, 0);
data.setCell(23, 0, 23)
data.setCell(23, 1, 'inactiveTokenJwtTest')
data.setCell(23, 2, 'com.okta.test.mock.tests.OIDCCodeFlowLocalValidationIT')
data.setCell(23, 3, 0);
data.setCell(24, 0, 24)
data.setCell(24, 1, 'noAuthCodeTest')
data.setCell(24, 2, 'com.okta.test.mock.tests.OIDCCodeFlowLocalValidationIT')
data.setCell(24, 3, 0);
data.setCell(25, 0, 25)
data.setCell(25, 1, 'nonJWTAccessKeyTest')
data.setCell(25, 2, 'com.okta.test.mock.tests.ImplicitLocalValidationIT')
data.setCell(25, 3, 0);
data.setCell(26, 0, 26)
data.setCell(26, 1, 'wrongKeyIdAccessTokenJwtTest')
data.setCell(26, 2, 'com.okta.test.mock.tests.CodeFlowLocalValidationIT')
data.setCell(26, 3, 0);
data.setCell(27, 0, 27)
data.setCell(27, 1, 'scopeAccessTokenTest')
data.setCell(27, 2, 'com.okta.test.mock.tests.ImplicitLocalValidationIT')
data.setCell(27, 3, 0);
data.setCell(28, 0, 28)
data.setCell(28, 1, 'redirectToLogin')
data.setCell(28, 2, 'com.okta.test.mock.tests.CustomLoginCodeFlowLocalValidationIT')
data.setCell(28, 3, 0);
data.setCell(29, 0, 29)
data.setCell(29, 1, 'invalidIssuerIdTokenJwtTest')
data.setCell(29, 2, 'com.okta.test.mock.tests.OIDCCodeFlowLocalValidationIT')
data.setCell(29, 3, 0);
data.setCell(30, 0, 30)
data.setCell(30, 1, 'wrongStateTest')
data.setCell(30, 2, 'com.okta.test.mock.tests.OIDCCodeFlowLocalValidationIT')
data.setCell(30, 3, 0);
data.setCell(31, 0, 31)
data.setCell(31, 1, 'redirectToLogin')
data.setCell(31, 2, 'com.okta.test.mock.tests.CodeFlowLocalValidationIT')
data.setCell(31, 3, 0);
data.setCell(32, 0, 32)
data.setCell(32, 1, 'followRedirect')
data.setCell(32, 2, 'com.okta.test.mock.tests.CodeFlowRemoteValidationIT')
data.setCell(32, 3, 0);
data.setCell(33, 0, 33)
data.setCell(33, 1, 'wrongAudienceAccessTokenTest')
data.setCell(33, 2, 'com.okta.test.mock.tests.ImplicitLocalValidationIT')
data.setCell(33, 3, 0);
data.setCell(34, 0, 34)
data.setCell(34, 1, 'noAuthCodeTest')
data.setCell(34, 2, 'com.okta.test.mock.tests.CustomLoginCodeFlowLocalValidationIT')
data.setCell(34, 3, 0);
data.setCell(35, 0, 35)
data.setCell(35, 1, 'respondWithCode')
data.setCell(35, 2, 'com.okta.test.mock.tests.CustomLoginCodeFlowRemoteValidationIT')
data.setCell(35, 3, 0);
data.setCell(36, 0, 36)
data.setCell(36, 1, 'wrongKeyIdAccessTokenJwtTest')
data.setCell(36, 2, 'com.okta.test.mock.tests.CustomLoginCodeFlowLocalValidationIT')
data.setCell(36, 3, 0);
data.setCell(37, 0, 37)
data.setCell(37, 1, 'respondWithCode')
data.setCell(37, 2, 'com.okta.test.mock.tests.CodeFlowRemoteValidationIT')
data.setCell(37, 3, 0);
data.setCell(38, 0, 38)
data.setCell(38, 1, 'wrongStateTest')
data.setCell(38, 2, 'com.okta.test.mock.tests.CustomLoginCodeFlowLocalValidationIT')
data.setCell(38, 3, 0);
data.setCell(39, 0, 39)
data.setCell(39, 1, 'followRedirect')
data.setCell(39, 2, 'com.okta.test.mock.tests.CustomLoginCodeFlowLocalValidationIT')
data.setCell(39, 3, 0);
data.setCell(40, 0, 40)
data.setCell(40, 1, 'wrongStateTest')
data.setCell(40, 2, 'com.okta.test.mock.tests.CodeFlowLocalValidationIT')
data.setCell(40, 3, 0);
window.suiteTableData['Surefire_suite']= { tableData: data, tableDiv: 'times-div-Surefire_suite'}
return data;
}
              </script>
              <span class="suite-total-time">Total running time: 28 ms</span>
              <div id="times-div-Surefire_suite">
              </div> <!-- times-div-Surefire_suite -->
            </div> <!-- times-div -->
          </div> <!-- main-panel-content rounded-window-bottom -->
        </div> <!-- panel -->
        <div panel-name="reporter-Surefire_suite" class="panel">
          <div class="main-panel-header rounded-window-top">
            <span class="header-content">Reporter output for Surefire suite</span>
          </div> <!-- main-panel-header rounded-window-top -->
          <div class="main-panel-content rounded-window-bottom">
          </div> <!-- main-panel-content rounded-window-bottom -->
        </div> <!-- panel -->
        <div panel-name="ignored-methods-Surefire_suite" class="panel">
          <div class="main-panel-header rounded-window-top">
            <span class="header-content">2 ignored methods</span>
          </div> <!-- main-panel-header rounded-window-top -->
          <div class="main-panel-content rounded-window-bottom">
            <div class="ignored-class-div">
              <span class="ignored-class-name">com.okta.test.mock.tests.CodeFlowLocalValidationIT</span>
              <div class="ignored-methods-div">
                <span class="ignored-method-name">wrongScopeAccessTokenJwtTest</span>
                <br/>
              </div> <!-- ignored-methods-div -->
            </div> <!-- ignored-class-div -->
            <div class="ignored-class-div">
              <span class="ignored-class-name">com.okta.test.mock.tests.CustomLoginCodeFlowLocalValidationIT</span>
              <div class="ignored-methods-div">
                <span class="ignored-method-name">wrongScopeAccessTokenJwtTest</span>
                <br/>
              </div> <!-- ignored-methods-div -->
            </div> <!-- ignored-class-div -->
          </div> <!-- main-panel-content rounded-window-bottom -->
        </div> <!-- panel -->
        <div panel-name="chronological-Surefire_suite" class="panel">
          <div class="main-panel-header rounded-window-top">
            <span class="header-content">Methods in chronological order</span>
          </div> <!-- main-panel-header rounded-window-top -->
          <div class="main-panel-content rounded-window-bottom">
            <div class="chronological-class">
              <div class="chronological-class-name">com.okta.test.mock.tests.ImplicitRemoteValidationIT</div> <!-- chronological-class-name -->
              <div class="configuration-class before">
                <span class="method-name">start</span>
                <span class="method-start">0 ms</span>
              </div> <!-- configuration-class before -->
              <div class="test-method">
                <span class="method-name">noToken401</span>
                <span class="method-start">12 ms</span>
              </div> <!-- test-method -->
              <div class="test-method">
                <span class="method-name">scopeAccessTest</span>
                <span class="method-start">33 ms</span>
              </div> <!-- test-method -->
              <div class="configuration-class after">
                <span class="method-name">stop</span>
                <span class="method-start">34 ms</span>
              </div> <!-- configuration-class after -->
              <div class="configuration-class after">
                <span class="method-name">stopMockServer</span>
                <span class="method-start">35 ms</span>
              </div> <!-- configuration-class after -->
            </div> <!-- chronological-class -->
            <div class="chronological-class">
              <div class="chronological-class-name">com.okta.test.mock.tests.CodeFlowLocalValidationIT</div> <!-- chronological-class-name -->
              <div class="configuration-class before">
                <span class="method-name">start</span>
                <span class="method-start">37 ms</span>
              </div> <!-- configuration-class before -->
              <div class="test-method">
                <span class="method-name">followRedirect</span>
                <span class="method-start">38 ms</span>
              </div> <!-- test-method -->
              <div class="test-method">
                <span class="method-name">invalidSignatureAccessTokenJwtTest</span>
                <span class="method-start">38 ms</span>
              </div> <!-- test-method -->
              <div class="test-method">
                <span class="method-name">noAuthCodeTest</span>
                <span class="method-start">38 ms</span>
              </div> <!-- test-method -->
              <div class="test-method">
                <span class="method-name">redirectToLogin</span>
                <span class="method-start">39 ms</span>
              </div> <!-- test-method -->
              <div class="test-method">
                <span class="method-name">respondWithCode</span>
                <span class="method-start">39 ms</span>
              </div> <!-- test-method -->
              <div class="test-method">
                <span class="method-name">wrongAudienceAccessTokenJwtTest</span>
                <span class="method-start">39 ms</span>
              </div> <!-- test-method -->
              <div class="configuration-class after">
                <span class="method-name">stop</span>
                <span class="method-start">40 ms</span>
              </div> <!-- configuration-class after -->
              <div class="configuration-class after">
                <span class="method-name">stopMockServer</span>
                <span class="method-start">40 ms</span>
              </div> <!-- configuration-class after -->
              <div class="test-method">
                <span class="method-name">wrongKeyIdAccessTokenJwtTest</span>
                <span class="method-start">40 ms</span>
              </div> <!-- test-method -->
              <div class="test-method">
                <span class="method-name">wrongStateTest</span>
                <span class="method-start">40 ms</span>
              </div> <!-- test-method -->
            </div> <!-- chronological-class -->
            <div class="chronological-class">
              <div class="chronological-class-name">com.okta.test.mock.tests.CustomLoginCodeFlowLocalValidationIT</div> <!-- chronological-class-name -->
              <div class="test-method">
                <span class="method-name">followRedirect</span>
                <span class="method-start">41 ms</span>
              </div> <!-- test-method -->
              <div class="configuration-class before">
                <span class="method-name">start</span>
                <span class="method-start">41 ms</span>
              </div> <!-- configuration-class before -->
              <div class="test-method">
                <span class="method-name">invalidSignatureAccessTokenJwtTest</span>
                <span class="method-start">42 ms</span>
              </div> <!-- test-method -->
              <div class="test-method">
                <span class="method-name">noAuthCodeTest</span>
                <span class="method-start">42 ms</span>
              </div> <!-- test-method -->
              <div class="test-method">
                <span class="method-name">redirectToLogin</span>
                <span class="method-start">42 ms</span>
              </div> <!-- test-method -->
              <div class="test-method">
                <span class="method-name">respondWithCode</span>
                <span class="method-start">42 ms</span>
              </div> <!-- test-method -->
              <div class="test-method">
                <span class="method-name">wrongAudienceAccessTokenJwtTest</span>
                <span class="method-start">42 ms</span>
              </div> <!-- test-method -->
              <div class="configuration-class after">
                <span class="method-name">stop</span>
                <span class="method-start">43 ms</span>
              </div> <!-- configuration-class after -->
              <div class="test-method">
                <span class="method-name">wrongKeyIdAccessTokenJwtTest</span>
                <span class="method-start">43 ms</span>
              </div> <!-- test-method -->
              <div class="test-method">
                <span class="method-name">wrongStateTest</span>
                <span class="method-start">43 ms</span>
              </div> <!-- test-method -->
            </div> <!-- chronological-class -->
            <div class="chronological-class">
              <div class="chronological-class-name">com.okta.test.mock.tests.OIDCCodeFlowLocalValidationIT</div> <!-- chronological-class-name -->
              <div class="test-method">
                <span class="method-name">expiredIdTokenJwtTest</span>
                <span class="method-start">44 ms</span>
              </div> <!-- test-method -->
            </div> <!-- chronological-class -->
            <div class="chronological-class">
              <div class="chronological-class-name">com.okta.test.mock.tests.CodeFlowRemoteValidationIT</div> <!-- chronological-class-name -->
              <div class="test-method">
                <span class="method-name">followRedirect</span>
                <span class="method-start">44 ms</span>
              </div> <!-- test-method -->
              <div class="test-method">
                <span class="method-name">respondWithCode</span>
                <span class="method-start">44 ms</span>
              </div> <!-- test-method -->
              <div class="configuration-class before">
                <span class="method-name">start</span>
                <span class="method-start">44 ms</span>
              </div> <!-- configuration-class before -->
            </div> <!-- chronological-class -->
            <div class="chronological-class">
              <div class="chronological-class-name">com.okta.test.mock.tests.OIDCCodeFlowLocalValidationIT</div> <!-- chronological-class-name -->
              <div class="configuration-class before">
                <span class="method-name">start</span>
                <span class="method-start">44 ms</span>
              </div> <!-- configuration-class before -->
            </div> <!-- chronological-class -->
            <div class="chronological-class">
              <div class="chronological-class-name">com.okta.test.mock.tests.CodeFlowRemoteValidationIT</div> <!-- chronological-class-name -->
              <div class="configuration-class after">
                <span class="method-name">stop</span>
                <span class="method-start">44 ms</span>
              </div> <!-- configuration-class after -->
            </div> <!-- chronological-class -->
            <div class="chronological-class">
              <div class="chronological-class-name">com.okta.test.mock.tests.CustomLoginCodeFlowLocalValidationIT</div> <!-- chronological-class-name -->
              <div class="configuration-class after">
                <span class="method-name">stopMockServer</span>
                <span class="method-start">44 ms</span>
              </div> <!-- configuration-class after -->
            </div> <!-- chronological-class -->
            <div class="chronological-class">
              <div class="chronological-class-name">com.okta.test.mock.tests.CodeFlowRemoteValidationIT</div> <!-- chronological-class-name -->
              <div class="configuration-class after">
                <span class="method-name">stopMockServer</span>
                <span class="method-start">44 ms</span>
              </div> <!-- configuration-class after -->
            </div> <!-- chronological-class -->
            <div class="chronological-class">
              <div class="chronological-class-name">com.okta.test.mock.tests.OIDCCodeFlowLocalValidationIT</div> <!-- chronological-class-name -->
              <div class="test-method">
                <span class="method-name">followRedirect</span>
                <span class="method-start">45 ms</span>
              </div> <!-- test-method -->
              <div class="test-method">
                <span class="method-name">inactiveTokenJwtTest</span>
                <span class="method-start">45 ms</span>
              </div> <!-- test-method -->
              <div class="test-method">
                <span class="method-name">invalidIssuerIdTokenJwtTest</span>
                <span class="method-start">45 ms</span>
              </div> <!-- test-method -->
              <div class="test-method">
                <span class="method-name">invalidSignatureIdTokenJwtTest</span>
                <span class="method-start">45 ms</span>
              </div> <!-- test-method -->
              <div class="test-method">
                <span class="method-name">issuedInFutureIdTokenJwtTest</span>
                <span class="method-start">46 ms</span>
              </div> <!-- test-method -->
              <div class="test-method">
                <span class="method-name">noAuthCodeTest</span>
                <span class="method-start">46 ms</span>
              </div> <!-- test-method -->
              <div class="test-method">
                <span class="method-name">respondWithCode</span>
                <span class="method-start">46 ms</span>
              </div> <!-- test-method -->
              <div class="test-method">
                <span class="method-name">unsignedIdTokenJwtTest</span>
                <span class="method-start">47 ms</span>
              </div> <!-- test-method -->
              <div class="test-method">
                <span class="method-name">wrongAudienceIdTokenJwtTest</span>
                <span class="method-start">48 ms</span>
              </div> <!-- test-method -->
              <div class="test-method">
                <span class="method-name">wrongKeyIdIdTokenJwtTest</span>
                <span class="method-start">52 ms</span>
              </div> <!-- test-method -->
            </div> <!-- chronological-class -->
            <div class="chronological-class">
              <div class="chronological-class-name">com.okta.test.mock.tests.ImplicitLocalValidationIT</div> <!-- chronological-class-name -->
              <div class="configuration-class before">
                <img src="failed.png">
                </img>
                <span class="method-name">start</span>
                <span class="method-start">53 ms</span>
              </div> <!-- configuration-class before -->
            </div> <!-- chronological-class -->
            <div class="chronological-class">
              <div class="chronological-class-name">com.okta.test.mock.tests.OIDCCodeFlowLocalValidationIT</div> <!-- chronological-class-name -->
              <div class="configuration-class after">
                <span class="method-name">stop</span>
                <span class="method-start">53 ms</span>
              </div> <!-- configuration-class after -->
              <div class="configuration-class after">
                <span class="method-name">stopMockServer</span>
                <span class="method-start">53 ms</span>
              </div> <!-- configuration-class after -->
              <div class="test-method">
                <span class="method-name">wrongStateTest</span>
                <span class="method-start">53 ms</span>
              </div> <!-- test-method -->
            </div> <!-- chronological-class -->
            <div class="chronological-class">
              <div class="chronological-class-name">com.okta.test.mock.tests.ImplicitLocalValidationIT</div> <!-- chronological-class-name -->
              <div class="test-method">
                <span class="method-name">accessKeyNonTrustedKeyTest</span>
                <span class="method-start">3452 ms</span>
              </div> <!-- test-method -->
              <div class="test-method">
                <span class="method-name">inactiveAccessTokenTest</span>
                <span class="method-start">3453 ms</span>
              </div> <!-- test-method -->
              <div class="test-method">
                <span class="method-name">noToken401Test</span>
                <span class="method-start">3453 ms</span>
              </div> <!-- test-method -->
              <div class="test-method">
                <span class="method-name">nonJWTAccessKeyTest</span>
                <span class="method-start">3453 ms</span>
              </div> <!-- test-method -->
              <div class="test-method">
                <span class="method-name">scopeAccessTokenTest</span>
                <span class="method-start">3453 ms</span>
              </div> <!-- test-method -->
              <div class="test-method">
                <span class="method-name">wrongAudienceAccessTokenTest</span>
                <span class="method-start">3453 ms</span>
              </div> <!-- test-method -->
              <div class="test-method">
                <span class="method-name">wrongScopeAccessTokenTest</span>
                <span class="method-start">3453 ms</span>
              </div> <!-- test-method -->
            </div> <!-- chronological-class -->
            <div class="chronological-class">
              <div class="chronological-class-name">com.okta.test.mock.tests.CustomLoginCodeFlowRemoteValidationIT</div> <!-- chronological-class-name -->
              <div class="test-method">
                <span class="method-name">followRedirect</span>
                <span class="method-start">3454 ms</span>
              </div> <!-- test-method -->
              <div class="test-method">
                <span class="method-name">respondWithCode</span>
                <span class="method-start">3454 ms</span>
              </div> <!-- test-method -->
          </div> <!-- main-panel-content rounded-window-bottom -->
        </div> <!-- panel -->
      </div> <!-- main-panel-root -->
    </div> <!-- wrapper -->
  </body>
</html>
